{"D:\\project\\jsa-alexandrite-app\\src\\App.jsx": {"path":"D:\\project\\jsa-alexandrite-app\\src\\App.jsx","statementMap":{"0":{"start":{"line":9,"column":19},"end":{"line":15,"column":1}},"1":{"start":{"line":10,"column":2},"end":{"line":14,"column":13}}},"fnMap":{"0":{"name":"(anonymous_0)","decl":{"start":{"line":9,"column":19},"end":{"line":9,"column":20}},"loc":{"start":{"line":10,"column":2},"end":{"line":14,"column":13}},"line":10}},"branchMap":{},"s":{"0":1,"1":1},"f":{"0":1},"b":{},"_coverageSchema":"43e27e138ebf9cfc5966b082cf9a028302ed4184","hash":"3f3b290073f463b96d98ced4c66ed8700f5ca63d"}
,"D:\\project\\jsa-alexandrite-app\\src\\store.js": {"path":"D:\\project\\jsa-alexandrite-app\\src\\store.js","statementMap":{"0":{"start":{"line":10,"column":16},"end":{"line":15,"column":2}},"1":{"start":{"line":17,"column":29},"end":{"line":21,"column":1}},"2":{"start":{"line":23,"column":17},"end":{"line":23,"column":55}},"3":{"start":{"line":25,"column":21},"end":{"line":28,"column":1}},"4":{"start":{"line":30,"column":25},"end":{"line":30,"column":44}}},"fnMap":{},"branchMap":{},"s":{"0":2,"1":2,"2":2,"3":2,"4":2},"f":{},"b":{},"_coverageSchema":"43e27e138ebf9cfc5966b082cf9a028302ed4184","hash":"b429ebe67e70e01388255654655f9aa5b2c16838"}
,"D:\\project\\jsa-alexandrite-app\\src\\Account\\index.jsx": {"path":"D:\\project\\jsa-alexandrite-app\\src\\Account\\index.jsx","statementMap":{"0":{"start":{"line":6,"column":2},"end":{"line":8,"column":9}}},"fnMap":{"0":{"name":"(anonymous_0)","decl":{"start":{"line":5,"column":15},"end":{"line":5,"column":16}},"loc":{"start":{"line":6,"column":2},"end":{"line":8,"column":9}},"line":6}},"branchMap":{},"s":{"0":2},"f":{"0":2},"b":{},"_coverageSchema":"43e27e138ebf9cfc5966b082cf9a028302ed4184","hash":"93956c541084dc32066f8f3eaa5691f1346ff657"}
,"D:\\project\\jsa-alexandrite-app\\src\\Account\\styles.js": {"path":"D:\\project\\jsa-alexandrite-app\\src\\Account\\styles.js","statementMap":{},"fnMap":{},"branchMap":{},"s":{},"f":{},"b":{},"hash":"b76f7af08c675d77608b0da4c0645d9d8a8eb41f"}
,"D:\\project\\jsa-alexandrite-app\\src\\Investments\\PortfolioValue.jsx": {"path":"D:\\project\\jsa-alexandrite-app\\src\\Investments\\PortfolioValue.jsx","statementMap":{"0":{"start":{"line":19,"column":6},"end":{"line":19,"column":47}},"1":{"start":{"line":19,"column":29},"end":{"line":19,"column":46}},"2":{"start":{"line":20,"column":19},"end":{"line":20,"column":32}},"3":{"start":{"line":22,"column":2},"end":{"line":24,"column":9}},"4":{"start":{"line":23,"column":4},"end":{"line":23,"column":40}},"5":{"start":{"line":26,"column":2},"end":{"line":48,"column":4}}},"fnMap":{"0":{"name":"(anonymous_0)","decl":{"start":{"line":14,"column":15},"end":{"line":14,"column":16}},"loc":{"start":{"line":14,"column":27},"end":{"line":49,"column":1}},"line":14},"1":{"name":"(anonymous_1)","decl":{"start":{"line":19,"column":18},"end":{"line":19,"column":19}},"loc":{"start":{"line":19,"column":29},"end":{"line":19,"column":46}},"line":19},"2":{"name":"(anonymous_2)","decl":{"start":{"line":22,"column":12},"end":{"line":22,"column":13}},"loc":{"start":{"line":22,"column":18},"end":{"line":24,"column":3}},"line":22}},"branchMap":{"0":{"loc":{"start":{"line":32,"column":7},"end":{"line":46,"column":38}},"type":"cond-expr","locations":[{"start":{"line":33,"column":8},"end":{"line":45,"column":11}},{"start":{"line":46,"column":10},"end":{"line":46,"column":38}}],"line":32},"1":{"loc":{"start":{"line":34,"column":11},"end":{"line":34,"column":94}},"type":"binary-expr","locations":[{"start":{"line":34,"column":11},"end":{"line":34,"column":20}},{"start":{"line":34,"column":24},"end":{"line":34,"column":94}}],"line":34},"2":{"loc":{"start":{"line":35,"column":11},"end":{"line":44,"column":11}},"type":"binary-expr","locations":[{"start":{"line":35,"column":11},"end":{"line":35,"column":21}},{"start":{"line":35,"column":25},"end":{"line":35,"column":31}},{"start":{"line":36,"column":12},"end":{"line":43,"column":15}}],"line":35}},"s":{"0":6,"1":0,"2":6,"3":6,"4":5,"5":6},"f":{"0":6,"1":0,"2":5},"b":{"0":[5,1],"1":[5,1],"2":[5,4,4]},"_coverageSchema":"43e27e138ebf9cfc5966b082cf9a028302ed4184","hash":"787ca1b31d86009760645e8a5987ce7c3de7f71a"}
,"D:\\project\\jsa-alexandrite-app\\src\\Investments\\index.jsx": {"path":"D:\\project\\jsa-alexandrite-app\\src\\Investments\\index.jsx","statementMap":{"0":{"start":{"line":7,"column":26},"end":{"line":10,"column":1}},"1":{"start":{"line":9,"column":21},"end":{"line":9,"column":37}},"2":{"start":{"line":12,"column":20},"end":{"line":16,"column":1}},"3":{"start":{"line":13,"column":2},"end":{"line":15,"column":9}},"4":{"start":{"line":18,"column":0},"end":{"line":18,"column":50}}},"fnMap":{"0":{"name":"(anonymous_0)","decl":{"start":{"line":9,"column":15},"end":{"line":9,"column":16}},"loc":{"start":{"line":9,"column":21},"end":{"line":9,"column":37}},"line":9},"1":{"name":"(anonymous_1)","decl":{"start":{"line":12,"column":20},"end":{"line":12,"column":21}},"loc":{"start":{"line":13,"column":2},"end":{"line":15,"column":9}},"line":13}},"branchMap":{},"s":{"0":2,"1":1,"2":2,"3":2,"4":2},"f":{"0":1,"1":2},"b":{},"_coverageSchema":"43e27e138ebf9cfc5966b082cf9a028302ed4184","hash":"67cbaf00e7868b266be1661a9977ce688ba9f819"}
,"D:\\project\\jsa-alexandrite-app\\src\\Investments\\styles.js": {"path":"D:\\project\\jsa-alexandrite-app\\src\\Investments\\styles.js","statementMap":{},"fnMap":{},"branchMap":{},"s":{},"f":{},"b":{},"_coverageSchema":"43e27e138ebf9cfc5966b082cf9a028302ed4184","hash":"61d46da80a9805278f8372906069e68e4a41dfa6"}
,"D:\\project\\jsa-alexandrite-app\\src\\Playground\\index.jsx": {"path":"D:\\project\\jsa-alexandrite-app\\src\\Playground\\index.jsx","statementMap":{"0":{"start":{"line":7,"column":19},"end":{"line":16,"column":1}},"1":{"start":{"line":8,"column":19},"end":{"line":8,"column":34}},"2":{"start":{"line":9,"column":2},"end":{"line":15,"column":4}},"3":{"start":{"line":12,"column":42},"end":{"line":12,"column":82}},"4":{"start":{"line":13,"column":44},"end":{"line":13,"column":58}},"5":{"start":{"line":18,"column":0},"end":{"line":20,"column":2}}},"fnMap":{"0":{"name":"(anonymous_0)","decl":{"start":{"line":7,"column":19},"end":{"line":7,"column":20}},"loc":{"start":{"line":7,"column":25},"end":{"line":16,"column":1}},"line":7},"1":{"name":"(anonymous_1)","decl":{"start":{"line":12,"column":36},"end":{"line":12,"column":37}},"loc":{"start":{"line":12,"column":42},"end":{"line":12,"column":82}},"line":12},"2":{"name":"(anonymous_2)","decl":{"start":{"line":13,"column":38},"end":{"line":13,"column":39}},"loc":{"start":{"line":13,"column":44},"end":{"line":13,"column":58}},"line":13}},"branchMap":{},"s":{"0":1,"1":0,"2":0,"3":0,"4":0,"5":1},"f":{"0":0,"1":0,"2":0},"b":{},"_coverageSchema":"43e27e138ebf9cfc5966b082cf9a028302ed4184","hash":"999b60b37022cc6b0d19a296502ca33aa5dd3a6f"}
,"D:\\project\\jsa-alexandrite-app\\src\\Search\\HeaderBar.jsx": {"path":"D:\\project\\jsa-alexandrite-app\\src\\Search\\HeaderBar.jsx","statementMap":{"0":{"start":{"line":13,"column":39},"end":{"line":13,"column":51}},"1":{"start":{"line":14,"column":21},"end":{"line":14,"column":36}},"2":{"start":{"line":16,"column":2},"end":{"line":28,"column":4}},"3":{"start":{"line":22,"column":25},"end":{"line":22,"column":41}}},"fnMap":{"0":{"name":"(anonymous_0)","decl":{"start":{"line":12,"column":15},"end":{"line":12,"column":16}},"loc":{"start":{"line":12,"column":21},"end":{"line":29,"column":1}},"line":12},"1":{"name":"(anonymous_1)","decl":{"start":{"line":22,"column":19},"end":{"line":22,"column":20}},"loc":{"start":{"line":22,"column":25},"end":{"line":22,"column":41}},"line":22}},"branchMap":{},"s":{"0":3,"1":3,"2":3,"3":1},"f":{"0":3,"1":1},"b":{},"_coverageSchema":"43e27e138ebf9cfc5966b082cf9a028302ed4184","hash":"07a00e972dbc558cff888b2caa9c57016384c308"}
,"D:\\project\\jsa-alexandrite-app\\src\\Search\\Result.jsx": {"path":"D:\\project\\jsa-alexandrite-app\\src\\Search\\Result.jsx","statementMap":{"0":{"start":{"line":18,"column":6},"end":{"line":18,"column":42}},"1":{"start":{"line":18,"column":29},"end":{"line":18,"column":41}},"2":{"start":{"line":20,"column":2},"end":{"line":22,"column":3}},"3":{"start":{"line":21,"column":4},"end":{"line":21,"column":58}},"4":{"start":{"line":23,"column":2},"end":{"line":43,"column":4}},"5":{"start":{"line":32,"column":16},"end":{"line":35,"column":18}},"6":{"start":{"line":37,"column":38},"end":{"line":37,"column":49}}},"fnMap":{"0":{"name":"(anonymous_0)","decl":{"start":{"line":12,"column":15},"end":{"line":12,"column":16}},"loc":{"start":{"line":12,"column":21},"end":{"line":44,"column":1}},"line":12},"1":{"name":"(anonymous_1)","decl":{"start":{"line":18,"column":18},"end":{"line":18,"column":19}},"loc":{"start":{"line":18,"column":29},"end":{"line":18,"column":41}},"line":18},"2":{"name":"(anonymous_2)","decl":{"start":{"line":31,"column":26},"end":{"line":31,"column":27}},"loc":{"start":{"line":32,"column":16},"end":{"line":35,"column":18}},"line":32},"3":{"name":"(anonymous_3)","decl":{"start":{"line":37,"column":28},"end":{"line":37,"column":29}},"loc":{"start":{"line":37,"column":38},"end":{"line":37,"column":49}},"line":37}},"branchMap":{"0":{"loc":{"start":{"line":20,"column":2},"end":{"line":22,"column":3}},"type":"if","locations":[{"start":{"line":20,"column":2},"end":{"line":22,"column":3}},{"start":{"line":20,"column":2},"end":{"line":22,"column":3}}],"line":20},"1":{"loc":{"start":{"line":20,"column":6},"end":{"line":20,"column":36}},"type":"binary-expr","locations":[{"start":{"line":20,"column":6},"end":{"line":20,"column":13}},{"start":{"line":20,"column":17},"end":{"line":20,"column":36}}],"line":20},"2":{"loc":{"start":{"line":25,"column":7},"end":{"line":41,"column":38}},"type":"cond-expr","locations":[{"start":{"line":26,"column":8},"end":{"line":40,"column":11}},{"start":{"line":41,"column":10},"end":{"line":41,"column":38}}],"line":25},"3":{"loc":{"start":{"line":27,"column":11},"end":{"line":27,"column":83}},"type":"binary-expr","locations":[{"start":{"line":27,"column":11},"end":{"line":27,"column":20}},{"start":{"line":27,"column":24},"end":{"line":27,"column":83}}],"line":27},"4":{"loc":{"start":{"line":28,"column":11},"end":{"line":39,"column":11}},"type":"binary-expr","locations":[{"start":{"line":28,"column":11},"end":{"line":28,"column":21}},{"start":{"line":28,"column":25},"end":{"line":28,"column":31}},{"start":{"line":29,"column":12},"end":{"line":38,"column":14}}],"line":28}},"s":{"0":9,"1":0,"2":9,"3":1,"4":8,"5":1,"6":1},"f":{"0":9,"1":0,"2":1,"3":1},"b":{"0":[1,8],"1":[9,1],"2":[7,1],"3":[7,1],"4":[7,6,6]},"_coverageSchema":"43e27e138ebf9cfc5966b082cf9a028302ed4184","hash":"861491a5580d11b4bcb613bf42224c6da8d06a59"}
,"D:\\project\\jsa-alexandrite-app\\src\\Search\\ResultItem.jsx": {"path":"D:\\project\\jsa-alexandrite-app\\src\\Search\\ResultItem.jsx","statementMap":{"0":{"start":{"line":15,"column":19},"end":{"line":39,"column":1}},"1":{"start":{"line":16,"column":19},"end":{"line":16,"column":34}},"2":{"start":{"line":17,"column":2},"end":{"line":38,"column":4}},"3":{"start":{"line":30,"column":25},"end":{"line":30,"column":57}},"4":{"start":{"line":41,"column":0},"end":{"line":44,"column":2}}},"fnMap":{"0":{"name":"(anonymous_0)","decl":{"start":{"line":15,"column":19},"end":{"line":15,"column":20}},"loc":{"start":{"line":15,"column":45},"end":{"line":39,"column":1}},"line":15},"1":{"name":"(anonymous_1)","decl":{"start":{"line":30,"column":19},"end":{"line":30,"column":20}},"loc":{"start":{"line":30,"column":25},"end":{"line":30,"column":57}},"line":30}},"branchMap":{},"s":{"0":4,"1":3,"2":3,"3":1,"4":4},"f":{"0":3,"1":1},"b":{},"_coverageSchema":"43e27e138ebf9cfc5966b082cf9a028302ed4184","hash":"6bcf5e732ee1b1c2e3d610fd8e6c51fde1ca30d3"}
,"D:\\project\\jsa-alexandrite-app\\src\\Search\\SearchBarInput.jsx": {"path":"D:\\project\\jsa-alexandrite-app\\src\\Search\\SearchBarInput.jsx","statementMap":{"0":{"start":{"line":10,"column":23},"end":{"line":36,"column":1}},"1":{"start":{"line":14,"column":19},"end":{"line":14,"column":32}},"2":{"start":{"line":15,"column":2},"end":{"line":25,"column":13}},"3":{"start":{"line":17,"column":4},"end":{"line":21,"column":5}},"4":{"start":{"line":18,"column":6},"end":{"line":20,"column":14}},"5":{"start":{"line":19,"column":8},"end":{"line":19,"column":40}},"6":{"start":{"line":22,"column":4},"end":{"line":24,"column":6}},"7":{"start":{"line":23,"column":6},"end":{"line":23,"column":37}},"8":{"start":{"line":23,"column":17},"end":{"line":23,"column":37}},"9":{"start":{"line":27,"column":2},"end":{"line":35,"column":4}},"10":{"start":{"line":39,"column":0},"end":{"line":42,"column":2}}},"fnMap":{"0":{"name":"(anonymous_0)","decl":{"start":{"line":10,"column":23},"end":{"line":10,"column":24}},"loc":{"start":{"line":13,"column":6},"end":{"line":36,"column":1}},"line":13},"1":{"name":"(anonymous_1)","decl":{"start":{"line":15,"column":12},"end":{"line":15,"column":13}},"loc":{"start":{"line":15,"column":18},"end":{"line":25,"column":3}},"line":15},"2":{"name":"(anonymous_2)","decl":{"start":{"line":18,"column":25},"end":{"line":18,"column":26}},"loc":{"start":{"line":18,"column":31},"end":{"line":20,"column":7}},"line":18},"3":{"name":"(anonymous_3)","decl":{"start":{"line":22,"column":11},"end":{"line":22,"column":12}},"loc":{"start":{"line":22,"column":17},"end":{"line":24,"column":5}},"line":22}},"branchMap":{"0":{"loc":{"start":{"line":17,"column":4},"end":{"line":21,"column":5}},"type":"if","locations":[{"start":{"line":17,"column":4},"end":{"line":21,"column":5}},{"start":{"line":17,"column":4},"end":{"line":21,"column":5}}],"line":17},"1":{"loc":{"start":{"line":23,"column":6},"end":{"line":23,"column":37}},"type":"if","locations":[{"start":{"line":23,"column":6},"end":{"line":23,"column":37}},{"start":{"line":23,"column":6},"end":{"line":23,"column":37}}],"line":23}},"s":{"0":3,"1":6,"2":6,"3":5,"4":1,"5":1,"6":5,"7":4,"8":1,"9":6,"10":3},"f":{"0":6,"1":5,"2":1,"3":4},"b":{"0":[1,4],"1":[1,3]},"_coverageSchema":"43e27e138ebf9cfc5966b082cf9a028302ed4184","hash":"18d7ab21658cff19ab478eb39c31c0346d928a38"}
,"D:\\project\\jsa-alexandrite-app\\src\\Search\\index.jsx": {"path":"D:\\project\\jsa-alexandrite-app\\src\\Search\\index.jsx","statementMap":{"0":{"start":{"line":5,"column":26},"end":{"line":7,"column":1}},"1":{"start":{"line":6,"column":16},"end":{"line":6,"column":29}},"2":{"start":{"line":9,"column":15},"end":{"line":11,"column":1}},"3":{"start":{"line":10,"column":2},"end":{"line":10,"column":12}},"4":{"start":{"line":13,"column":0},"end":{"line":13,"column":45}}},"fnMap":{"0":{"name":"(anonymous_0)","decl":{"start":{"line":6,"column":10},"end":{"line":6,"column":11}},"loc":{"start":{"line":6,"column":16},"end":{"line":6,"column":29}},"line":6},"1":{"name":"(anonymous_1)","decl":{"start":{"line":9,"column":15},"end":{"line":9,"column":16}},"loc":{"start":{"line":10,"column":2},"end":{"line":10,"column":12}},"line":10}},"branchMap":{},"s":{"0":2,"1":1,"2":2,"3":2,"4":2},"f":{"0":1,"1":2},"b":{},"_coverageSchema":"43e27e138ebf9cfc5966b082cf9a028302ed4184","hash":"7892842fe5507f9f9897a0bfb377ec4e7c96d5f7"}
,"D:\\project\\jsa-alexandrite-app\\src\\Search\\styles.js": {"path":"D:\\project\\jsa-alexandrite-app\\src\\Search\\styles.js","statementMap":{},"fnMap":{},"branchMap":{"0":{"loc":{"start":{"line":6,"column":8},"end":{"line":6,"column":78}},"type":"binary-expr","locations":[{"start":{"line":6,"column":8},"end":{"line":6,"column":33}},{"start":{"line":6,"column":37},"end":{"line":6,"column":78}}],"line":6}},"s":{},"f":{},"b":{"0":[6,0]},"_coverageSchema":"43e27e138ebf9cfc5966b082cf9a028302ed4184","hash":"ea078187d1129934c91491b674a1fda18a748c7c"}
,"D:\\project\\jsa-alexandrite-app\\src\\StockDetails\\Performance.jsx": {"path":"D:\\project\\jsa-alexandrite-app\\src\\StockDetails\\Performance.jsx","statementMap":{"0":{"start":{"line":15,"column":20},"end":{"line":49,"column":1}},"1":{"start":{"line":16,"column":19},"end":{"line":16,"column":32}},"2":{"start":{"line":17,"column":36},"end":{"line":17,"column":50}},"3":{"start":{"line":22,"column":6},"end":{"line":22,"column":41}},"4":{"start":{"line":22,"column":29},"end":{"line":22,"column":40}},"5":{"start":{"line":24,"column":2},"end":{"line":26,"column":18}},"6":{"start":{"line":25,"column":4},"end":{"line":25,"column":68}},"7":{"start":{"line":28,"column":2},"end":{"line":31,"column":4}},"8":{"start":{"line":29,"column":10},"end":{"line":29,"column":55}},"9":{"start":{"line":29,"column":16},"end":{"line":29,"column":55}},"10":{"start":{"line":33,"column":2},"end":{"line":48,"column":4}},"11":{"start":{"line":51,"column":0},"end":{"line":53,"column":2}}},"fnMap":{"0":{"name":"(anonymous_0)","decl":{"start":{"line":15,"column":20},"end":{"line":15,"column":21}},"loc":{"start":{"line":15,"column":36},"end":{"line":49,"column":1}},"line":15},"1":{"name":"(anonymous_1)","decl":{"start":{"line":22,"column":18},"end":{"line":22,"column":19}},"loc":{"start":{"line":22,"column":29},"end":{"line":22,"column":40}},"line":22},"2":{"name":"(anonymous_2)","decl":{"start":{"line":24,"column":12},"end":{"line":24,"column":13}},"loc":{"start":{"line":24,"column":18},"end":{"line":26,"column":3}},"line":24},"3":{"name":"(anonymous_3)","decl":{"start":{"line":29,"column":4},"end":{"line":29,"column":5}},"loc":{"start":{"line":29,"column":10},"end":{"line":29,"column":55}},"line":29},"4":{"name":"(anonymous_4)","decl":{"start":{"line":29,"column":10},"end":{"line":29,"column":11}},"loc":{"start":{"line":29,"column":16},"end":{"line":29,"column":55}},"line":29}},"branchMap":{"0":{"loc":{"start":{"line":35,"column":7},"end":{"line":45,"column":50}},"type":"cond-expr","locations":[{"start":{"line":36,"column":8},"end":{"line":44,"column":15}},{"start":{"line":45,"column":10},"end":{"line":45,"column":50}}],"line":35},"1":{"loc":{"start":{"line":37,"column":11},"end":{"line":37,"column":58}},"type":"binary-expr","locations":[{"start":{"line":37,"column":11},"end":{"line":37,"column":20}},{"start":{"line":37,"column":24},"end":{"line":37,"column":58}}],"line":37},"2":{"loc":{"start":{"line":38,"column":11},"end":{"line":43,"column":11}},"type":"binary-expr","locations":[{"start":{"line":38,"column":11},"end":{"line":38,"column":21}},{"start":{"line":38,"column":25},"end":{"line":38,"column":31}},{"start":{"line":39,"column":12},"end":{"line":42,"column":14}}],"line":38}},"s":{"0":1,"1":0,"2":0,"3":0,"4":0,"5":0,"6":0,"7":0,"8":0,"9":0,"10":0,"11":1},"f":{"0":0,"1":0,"2":0,"3":0,"4":0},"b":{"0":[0,0],"1":[0,0],"2":[0,0,0]},"_coverageSchema":"43e27e138ebf9cfc5966b082cf9a028302ed4184","hash":"e748deb7cb3d1c390d4561adb80cfa2c98057c8e"}
,"D:\\project\\jsa-alexandrite-app\\src\\StockDetails\\Stats.jsx": {"path":"D:\\project\\jsa-alexandrite-app\\src\\StockDetails\\Stats.jsx","statementMap":{"0":{"start":{"line":16,"column":19},"end":{"line":21,"column":1}},"1":{"start":{"line":17,"column":2},"end":{"line":20,"column":9}},"2":{"start":{"line":23,"column":14},"end":{"line":67,"column":1}},"3":{"start":{"line":24,"column":19},"end":{"line":24,"column":32}},"4":{"start":{"line":29,"column":6},"end":{"line":29,"column":41}},"5":{"start":{"line":29,"column":29},"end":{"line":29,"column":40}},"6":{"start":{"line":31,"column":2},"end":{"line":33,"column":9}},"7":{"start":{"line":32,"column":4},"end":{"line":32,"column":53}},"8":{"start":{"line":35,"column":2},"end":{"line":66,"column":4}},"9":{"start":{"line":69,"column":0},"end":{"line":71,"column":2}}},"fnMap":{"0":{"name":"(anonymous_0)","decl":{"start":{"line":16,"column":19},"end":{"line":16,"column":20}},"loc":{"start":{"line":17,"column":2},"end":{"line":20,"column":9}},"line":17},"1":{"name":"(anonymous_1)","decl":{"start":{"line":23,"column":14},"end":{"line":23,"column":15}},"loc":{"start":{"line":23,"column":30},"end":{"line":67,"column":1}},"line":23},"2":{"name":"(anonymous_2)","decl":{"start":{"line":29,"column":18},"end":{"line":29,"column":19}},"loc":{"start":{"line":29,"column":29},"end":{"line":29,"column":40}},"line":29},"3":{"name":"(anonymous_3)","decl":{"start":{"line":31,"column":12},"end":{"line":31,"column":13}},"loc":{"start":{"line":31,"column":18},"end":{"line":33,"column":3}},"line":31}},"branchMap":{"0":{"loc":{"start":{"line":37,"column":7},"end":{"line":64,"column":50}},"type":"cond-expr","locations":[{"start":{"line":38,"column":8},"end":{"line":63,"column":15}},{"start":{"line":64,"column":10},"end":{"line":64,"column":50}}],"line":37},"1":{"loc":{"start":{"line":39,"column":11},"end":{"line":39,"column":58}},"type":"binary-expr","locations":[{"start":{"line":39,"column":11},"end":{"line":39,"column":20}},{"start":{"line":39,"column":24},"end":{"line":39,"column":58}}],"line":39},"2":{"loc":{"start":{"line":40,"column":11},"end":{"line":62,"column":11}},"type":"binary-expr","locations":[{"start":{"line":40,"column":11},"end":{"line":40,"column":21}},{"start":{"line":40,"column":25},"end":{"line":40,"column":32}},{"start":{"line":41,"column":12},"end":{"line":61,"column":15}}],"line":40}},"s":{"0":1,"1":0,"2":1,"3":0,"4":0,"5":0,"6":0,"7":0,"8":0,"9":1},"f":{"0":0,"1":0,"2":0,"3":0},"b":{"0":[0,0],"1":[0,0],"2":[0,0,0]},"_coverageSchema":"43e27e138ebf9cfc5966b082cf9a028302ed4184","hash":"46ace8ecaa5460665a7129295d130a236855b005"}
,"D:\\project\\jsa-alexandrite-app\\src\\StockDetails\\WatchlistPickerPopup.jsx": {"path":"D:\\project\\jsa-alexandrite-app\\src\\StockDetails\\WatchlistPickerPopup.jsx","statementMap":{"0":{"start":{"line":8,"column":29},"end":{"line":48,"column":1}},"1":{"start":{"line":9,"column":25},"end":{"line":9,"column":65}},"2":{"start":{"line":9,"column":48},"end":{"line":9,"column":64}},"3":{"start":{"line":10,"column":19},"end":{"line":10,"column":32}},"4":{"start":{"line":11,"column":21},"end":{"line":12,"column":72}},"5":{"start":{"line":12,"column":20},"end":{"line":12,"column":71}},"6":{"start":{"line":12,"column":47},"end":{"line":12,"column":70}},"7":{"start":{"line":13,"column":52},"end":{"line":17,"column":3}},"8":{"start":{"line":19,"column":2},"end":{"line":47,"column":4}},"9":{"start":{"line":26,"column":8},"end":{"line":26,"column":88}},"10":{"start":{"line":26,"column":31},"end":{"line":26,"column":88}},"11":{"start":{"line":27,"column":8},"end":{"line":27,"column":18}},"12":{"start":{"line":36,"column":38},"end":{"line":36,"column":63}},"13":{"start":{"line":40,"column":18},"end":{"line":40,"column":66}},"14":{"start":{"line":50,"column":0},"end":{"line":54,"column":2}}},"fnMap":{"0":{"name":"(anonymous_0)","decl":{"start":{"line":8,"column":29},"end":{"line":8,"column":30}},"loc":{"start":{"line":8,"column":63},"end":{"line":48,"column":1}},"line":8},"1":{"name":"(anonymous_1)","decl":{"start":{"line":9,"column":37},"end":{"line":9,"column":38}},"loc":{"start":{"line":9,"column":48},"end":{"line":9,"column":64}},"line":9},"2":{"name":"(anonymous_2)","decl":{"start":{"line":12,"column":12},"end":{"line":12,"column":13}},"loc":{"start":{"line":12,"column":20},"end":{"line":12,"column":71}},"line":12},"3":{"name":"(anonymous_3)","decl":{"start":{"line":12,"column":36},"end":{"line":12,"column":37}},"loc":{"start":{"line":12,"column":47},"end":{"line":12,"column":70}},"line":12},"4":{"name":"(anonymous_4)","decl":{"start":{"line":25,"column":17},"end":{"line":25,"column":18}},"loc":{"start":{"line":25,"column":23},"end":{"line":28,"column":7}},"line":25},"5":{"name":"(anonymous_5)","decl":{"start":{"line":36,"column":29},"end":{"line":36,"column":30}},"loc":{"start":{"line":36,"column":38},"end":{"line":36,"column":63}},"line":36},"6":{"name":"(anonymous_6)","decl":{"start":{"line":39,"column":31},"end":{"line":39,"column":32}},"loc":{"start":{"line":40,"column":18},"end":{"line":40,"column":66}},"line":40}},"branchMap":{"0":{"loc":{"start":{"line":14,"column":4},"end":{"line":16,"column":17}},"type":"cond-expr","locations":[{"start":{"line":15,"column":8},"end":{"line":15,"column":24}},{"start":{"line":16,"column":8},"end":{"line":16,"column":17}}],"line":14},"1":{"loc":{"start":{"line":26,"column":8},"end":{"line":26,"column":88}},"type":"if","locations":[{"start":{"line":26,"column":8},"end":{"line":26,"column":88}},{"start":{"line":26,"column":8},"end":{"line":26,"column":88}}],"line":26},"2":{"loc":{"start":{"line":31,"column":9},"end":{"line":44,"column":104}},"type":"cond-expr","locations":[{"start":{"line":33,"column":12},"end":{"line":43,"column":21}},{"start":{"line":44,"column":14},"end":{"line":44,"column":104}}],"line":31}},"s":{"0":1,"1":0,"2":0,"3":0,"4":0,"5":0,"6":0,"7":0,"8":0,"9":0,"10":0,"11":0,"12":0,"13":0,"14":1},"f":{"0":0,"1":0,"2":0,"3":0,"4":0,"5":0,"6":0},"b":{"0":[0,0],"1":[0,0],"2":[0,0]},"_coverageSchema":"43e27e138ebf9cfc5966b082cf9a028302ed4184","hash":"6903f8372c569c26556331918a88dc47398707f8"}
,"D:\\project\\jsa-alexandrite-app\\src\\StockDetails\\index.jsx": {"path":"D:\\project\\jsa-alexandrite-app\\src\\StockDetails\\index.jsx","statementMap":{"0":{"start":{"line":14,"column":21},"end":{"line":38,"column":1}},"1":{"start":{"line":15,"column":17},"end":{"line":15,"column":45}},"2":{"start":{"line":16,"column":21},"end":{"line":16,"column":36}},"3":{"start":{"line":17,"column":48},"end":{"line":17,"column":63}},"4":{"start":{"line":18,"column":34},"end":{"line":18,"column":64}},"5":{"start":{"line":18,"column":40},"end":{"line":18,"column":64}},"6":{"start":{"line":19,"column":2},"end":{"line":23,"column":9}},"7":{"start":{"line":20,"column":4},"end":{"line":22,"column":7}},"8":{"start":{"line":26,"column":45},"end":{"line":26,"column":67}},"9":{"start":{"line":27,"column":2},"end":{"line":37,"column":4}},"10":{"start":{"line":34,"column":23},"end":{"line":34,"column":48}},"11":{"start":{"line":40,"column":0},"end":{"line":59,"column":3}},"12":{"start":{"line":40,"column":54},"end":{"line":59,"column":1}},"13":{"start":{"line":47,"column":15},"end":{"line":47,"column":61}},"14":{"start":{"line":48,"column":4},"end":{"line":57,"column":6}}},"fnMap":{"0":{"name":"(anonymous_0)","decl":{"start":{"line":14,"column":21},"end":{"line":14,"column":22}},"loc":{"start":{"line":14,"column":27},"end":{"line":38,"column":1}},"line":14},"1":{"name":"(anonymous_1)","decl":{"start":{"line":18,"column":34},"end":{"line":18,"column":35}},"loc":{"start":{"line":18,"column":40},"end":{"line":18,"column":64}},"line":18},"2":{"name":"(anonymous_2)","decl":{"start":{"line":19,"column":12},"end":{"line":19,"column":13}},"loc":{"start":{"line":19,"column":18},"end":{"line":23,"column":3}},"line":19},"3":{"name":"(anonymous_3)","decl":{"start":{"line":34,"column":17},"end":{"line":34,"column":18}},"loc":{"start":{"line":34,"column":23},"end":{"line":34,"column":48}},"line":34},"4":{"name":"(anonymous_4)","decl":{"start":{"line":40,"column":33},"end":{"line":40,"column":34}},"loc":{"start":{"line":40,"column":54},"end":{"line":59,"column":1}},"line":40},"5":{"name":"(anonymous_5)","decl":{"start":{"line":46,"column":15},"end":{"line":46,"column":16}},"loc":{"start":{"line":46,"column":21},"end":{"line":58,"column":3}},"line":46}},"branchMap":{},"s":{"0":2,"1":4,"2":4,"3":4,"4":4,"5":0,"6":4,"7":2,"8":4,"9":4,"10":0,"11":2,"12":1,"13":1,"14":1},"f":{"0":4,"1":0,"2":2,"3":0,"4":1,"5":1},"b":{},"_coverageSchema":"43e27e138ebf9cfc5966b082cf9a028302ed4184","hash":"949e3b2c8dc3d93476fe1bacceff4ddd475dd98a"}
,"D:\\project\\jsa-alexandrite-app\\src\\StockDetails\\style.js": {"path":"D:\\project\\jsa-alexandrite-app\\src\\StockDetails\\style.js","statementMap":{},"fnMap":{},"branchMap":{},"s":{},"f":{},"b":{},"_coverageSchema":"43e27e138ebf9cfc5966b082cf9a028302ed4184","hash":"02c44e6afadd2f1bd06cd0182a8aaabbebadd5f4"}
,"D:\\project\\jsa-alexandrite-app\\src\\StockDetails\\charts\\ChartTimeRangeButton.jsx": {"path":"D:\\project\\jsa-alexandrite-app\\src\\StockDetails\\charts\\ChartTimeRangeButton.jsx","statementMap":{"0":{"start":{"line":9,"column":29},"end":{"line":28,"column":1}},"1":{"start":{"line":10,"column":2},"end":{"line":27,"column":23}},"2":{"start":{"line":17,"column":19},"end":{"line":17,"column":28}},"3":{"start":{"line":30,"column":0},"end":{"line":34,"column":2}},"4":{"start":{"line":36,"column":0},"end":{"line":38,"column":2}}},"fnMap":{"0":{"name":"(anonymous_0)","decl":{"start":{"line":9,"column":29},"end":{"line":9,"column":30}},"loc":{"start":{"line":10,"column":2},"end":{"line":27,"column":23}},"line":10},"1":{"name":"(anonymous_1)","decl":{"start":{"line":17,"column":13},"end":{"line":17,"column":14}},"loc":{"start":{"line":17,"column":19},"end":{"line":17,"column":28}},"line":17}},"branchMap":{"0":{"loc":{"start":{"line":13,"column":6},"end":{"line":13,"column":43}},"type":"binary-expr","locations":[{"start":{"line":13,"column":6},"end":{"line":13,"column":12}},{"start":{"line":13,"column":16},"end":{"line":13,"column":43}}],"line":13},"1":{"loc":{"start":{"line":22,"column":8},"end":{"line":22,"column":49}},"type":"binary-expr","locations":[{"start":{"line":22,"column":8},"end":{"line":22,"column":14}},{"start":{"line":22,"column":18},"end":{"line":22,"column":49}}],"line":22}},"s":{"0":1,"1":0,"2":0,"3":1,"4":1},"f":{"0":0,"1":0},"b":{"0":[0,0],"1":[0,0]},"_coverageSchema":"43e27e138ebf9cfc5966b082cf9a028302ed4184","hash":"6c47c1bf26db035f39834c7eaf93d2f8ad96766c"}
,"D:\\project\\jsa-alexandrite-app\\src\\StockDetails\\charts\\PerformanceChart.jsx": {"path":"D:\\project\\jsa-alexandrite-app\\src\\StockDetails\\charts\\PerformanceChart.jsx","statementMap":{"0":{"start":{"line":9,"column":20},"end":{"line":18,"column":1}},"1":{"start":{"line":17,"column":20},"end":{"line":17,"column":26}},"2":{"start":{"line":20,"column":25},"end":{"line":44,"column":1}},"3":{"start":{"line":21,"column":17},"end":{"line":21,"column":36}},"4":{"start":{"line":22,"column":15},"end":{"line":22,"column":32}},"5":{"start":{"line":23,"column":26},"end":{"line":23,"column":66}},"6":{"start":{"line":24,"column":2},"end":{"line":43,"column":4}},"7":{"start":{"line":32,"column":29},"end":{"line":32,"column":93}},"8":{"start":{"line":38,"column":10},"end":{"line":40,"column":46}},"9":{"start":{"line":46,"column":0},"end":{"line":51,"column":2}}},"fnMap":{"0":{"name":"(anonymous_0)","decl":{"start":{"line":17,"column":14},"end":{"line":17,"column":15}},"loc":{"start":{"line":17,"column":20},"end":{"line":17,"column":26}},"line":17},"1":{"name":"(anonymous_1)","decl":{"start":{"line":20,"column":25},"end":{"line":20,"column":26}},"loc":{"start":{"line":20,"column":46},"end":{"line":44,"column":1}},"line":20},"2":{"name":"(anonymous_2)","decl":{"start":{"line":32,"column":20},"end":{"line":32,"column":21}},"loc":{"start":{"line":32,"column":29},"end":{"line":32,"column":93}},"line":32},"3":{"name":"(anonymous_3)","decl":{"start":{"line":37,"column":15},"end":{"line":37,"column":16}},"loc":{"start":{"line":38,"column":10},"end":{"line":40,"column":46}},"line":38}},"branchMap":{"0":{"loc":{"start":{"line":37,"column":16},"end":{"line":37,"column":27}},"type":"default-arg","locations":[{"start":{"line":37,"column":26},"end":{"line":37,"column":27}}],"line":37},"1":{"loc":{"start":{"line":38,"column":10},"end":{"line":40,"column":46}},"type":"cond-expr","locations":[{"start":{"line":39,"column":14},"end":{"line":39,"column":43}},{"start":{"line":40,"column":14},"end":{"line":40,"column":46}}],"line":38}},"s":{"0":1,"1":0,"2":1,"3":0,"4":0,"5":0,"6":0,"7":0,"8":0,"9":1},"f":{"0":0,"1":0,"2":0,"3":0},"b":{"0":[0],"1":[0,0]},"_coverageSchema":"43e27e138ebf9cfc5966b082cf9a028302ed4184","hash":"30841f1d86d8a85d046973a04c44d2776fe6c9a5"}
,"D:\\project\\jsa-alexandrite-app\\src\\StockDetails\\charts\\TimeRangeSelector.jsx": {"path":"D:\\project\\jsa-alexandrite-app\\src\\StockDetails\\charts\\TimeRangeSelector.jsx","statementMap":{"0":{"start":{"line":10,"column":26},"end":{"line":24,"column":1}},"1":{"start":{"line":11,"column":2},"end":{"line":23,"column":9}},"2":{"start":{"line":13,"column":21},"end":{"line":13,"column":39}},"3":{"start":{"line":14,"column":6},"end":{"line":21,"column":8}},"4":{"start":{"line":19,"column":25},"end":{"line":19,"column":40}},"5":{"start":{"line":26,"column":0},"end":{"line":29,"column":2}}},"fnMap":{"0":{"name":"(anonymous_0)","decl":{"start":{"line":10,"column":26},"end":{"line":10,"column":27}},"loc":{"start":{"line":11,"column":2},"end":{"line":23,"column":9}},"line":11},"1":{"name":"(anonymous_1)","decl":{"start":{"line":12,"column":43},"end":{"line":12,"column":44}},"loc":{"start":{"line":12,"column":54},"end":{"line":22,"column":5}},"line":12},"2":{"name":"(anonymous_2)","decl":{"start":{"line":19,"column":19},"end":{"line":19,"column":20}},"loc":{"start":{"line":19,"column":25},"end":{"line":19,"column":40}},"line":19}},"branchMap":{},"s":{"0":1,"1":0,"2":0,"3":0,"4":0,"5":1},"f":{"0":0,"1":0,"2":0},"b":{},"_coverageSchema":"43e27e138ebf9cfc5966b082cf9a028302ed4184","hash":"d37a900410813e2b7353db57b3c8f214e5f1d213"}
,"D:\\project\\jsa-alexandrite-app\\src\\Watchlists\\EditButton.jsx": {"path":"D:\\project\\jsa-alexandrite-app\\src\\Watchlists\\EditButton.jsx","statementMap":{"0":{"start":{"line":7,"column":19},"end":{"line":13,"column":1}},"1":{"start":{"line":8,"column":2},"end":{"line":12,"column":9}},"2":{"start":{"line":9,"column":67},"end":{"line":9,"column":96}},"3":{"start":{"line":15,"column":0},"end":{"line":18,"column":2}}},"fnMap":{"0":{"name":"(anonymous_0)","decl":{"start":{"line":7,"column":19},"end":{"line":7,"column":20}},"loc":{"start":{"line":8,"column":2},"end":{"line":12,"column":9}},"line":8},"1":{"name":"(anonymous_1)","decl":{"start":{"line":9,"column":61},"end":{"line":9,"column":62}},"loc":{"start":{"line":9,"column":67},"end":{"line":9,"column":96}},"line":9}},"branchMap":{},"s":{"0":4,"1":14,"2":1,"3":4},"f":{"0":14,"1":1},"b":{},"_coverageSchema":"43e27e138ebf9cfc5966b082cf9a028302ed4184","hash":"519439c6a9a11e7c585a3ebccf61db16b0a3b124"}
,"D:\\project\\jsa-alexandrite-app\\src\\Watchlists\\EditControls.jsx": {"path":"D:\\project\\jsa-alexandrite-app\\src\\Watchlists\\EditControls.jsx","statementMap":{"0":{"start":{"line":11,"column":23},"end":{"line":46,"column":1}},"1":{"start":{"line":18,"column":14},"end":{"line":18,"column":62}},"2":{"start":{"line":18,"column":47},"end":{"line":18,"column":54}},"3":{"start":{"line":20,"column":2},"end":{"line":45,"column":4}},"4":{"start":{"line":40,"column":94},"end":{"line":40,"column":123}},"5":{"start":{"line":48,"column":0},"end":{"line":56,"column":2}}},"fnMap":{"0":{"name":"(anonymous_0)","decl":{"start":{"line":11,"column":23},"end":{"line":11,"column":24}},"loc":{"start":{"line":17,"column":6},"end":{"line":46,"column":1}},"line":17},"1":{"name":"(anonymous_1)","decl":{"start":{"line":18,"column":34},"end":{"line":18,"column":35}},"loc":{"start":{"line":18,"column":47},"end":{"line":18,"column":54}},"line":18},"2":{"name":"(anonymous_2)","decl":{"start":{"line":40,"column":88},"end":{"line":40,"column":89}},"loc":{"start":{"line":40,"column":94},"end":{"line":40,"column":123}},"line":40}},"branchMap":{},"s":{"0":4,"1":4,"2":0,"3":4,"4":1,"5":4},"f":{"0":4,"1":0,"2":1},"b":{},"_coverageSchema":"43e27e138ebf9cfc5966b082cf9a028302ed4184","hash":"71602780756134e87afbd279abaf2df8a39bfcd9"}
,"D:\\project\\jsa-alexandrite-app\\src\\Watchlists\\EditFooter.jsx": {"path":"D:\\project\\jsa-alexandrite-app\\src\\Watchlists\\EditFooter.jsx","statementMap":{"0":{"start":{"line":6,"column":19},"end":{"line":23,"column":1}},"1":{"start":{"line":12,"column":7},"end":{"line":22,"column":78}},"2":{"start":{"line":25,"column":0},"end":{"line":33,"column":2}}},"fnMap":{"0":{"name":"(anonymous_0)","decl":{"start":{"line":6,"column":19},"end":{"line":6,"column":20}},"loc":{"start":{"line":12,"column":7},"end":{"line":22,"column":78}},"line":12}},"branchMap":{"0":{"loc":{"start":{"line":12,"column":7},"end":{"line":22,"column":78}},"type":"cond-expr","locations":[{"start":{"line":14,"column":4},"end":{"line":20,"column":6}},{"start":{"line":22,"column":4},"end":{"line":22,"column":78}}],"line":12}},"s":{"0":3,"1":12,"2":3},"f":{"0":12},"b":{"0":[1,11]},"_coverageSchema":"43e27e138ebf9cfc5966b082cf9a028302ed4184","hash":"7783d5b09c84d0494080912a144f6855ede07df5"}
,"D:\\project\\jsa-alexandrite-app\\src\\Watchlists\\EditModeWatchListItem.jsx": {"path":"D:\\project\\jsa-alexandrite-app\\src\\Watchlists\\EditModeWatchListItem.jsx","statementMap":{"0":{"start":{"line":14,"column":2},"end":{"line":31,"column":4}},"1":{"start":{"line":34,"column":0},"end":{"line":38,"column":2}}},"fnMap":{"0":{"name":"WatchListItem","decl":{"start":{"line":9,"column":24},"end":{"line":9,"column":37}},"loc":{"start":{"line":13,"column":3},"end":{"line":32,"column":1}},"line":13}},"branchMap":{"0":{"loc":{"start":{"line":21,"column":47},"end":{"line":21,"column":74}},"type":"cond-expr","locations":[{"start":{"line":21,"column":59},"end":{"line":21,"column":65}},{"start":{"line":21,"column":68},"end":{"line":21,"column":74}}],"line":21},"1":{"loc":{"start":{"line":22,"column":16},"end":{"line":22,"column":67}},"type":"cond-expr","locations":[{"start":{"line":22,"column":28},"end":{"line":22,"column":39}},{"start":{"line":22,"column":42},"end":{"line":22,"column":67}}],"line":22}},"s":{"0":2,"1":2},"f":{"0":2},"b":{"0":[1,1],"1":[1,1]},"_coverageSchema":"43e27e138ebf9cfc5966b082cf9a028302ed4184","hash":"8683ae8a8f8dccc6f5006c7274c00171c3bf8eea"}
,"D:\\project\\jsa-alexandrite-app\\src\\Watchlists\\WatchList.jsx": {"path":"D:\\project\\jsa-alexandrite-app\\src\\Watchlists\\WatchList.jsx","statementMap":{"0":{"start":{"line":20,"column":30},"end":{"line":20,"column":44}},"1":{"start":{"line":21,"column":42},"end":{"line":21,"column":57}},"2":{"start":{"line":22,"column":42},"end":{"line":22,"column":80}},"3":{"start":{"line":22,"column":73},"end":{"line":22,"column":78}},"4":{"start":{"line":23,"column":19},"end":{"line":23,"column":32}},"5":{"start":{"line":25,"column":2},"end":{"line":27,"column":13}},"6":{"start":{"line":26,"column":4},"end":{"line":26,"column":50}},"7":{"start":{"line":26,"column":42},"end":{"line":26,"column":47}},"8":{"start":{"line":30,"column":4},"end":{"line":30,"column":23}},"9":{"start":{"line":34,"column":17},"end":{"line":34,"column":34}},"10":{"start":{"line":35,"column":4},"end":{"line":35,"column":23}},"11":{"start":{"line":36,"column":4},"end":{"line":36,"column":26}},"12":{"start":{"line":39,"column":42},"end":{"line":44,"column":3}},"13":{"start":{"line":40,"column":4},"end":{"line":43,"column":7}},"14":{"start":{"line":42,"column":35},"end":{"line":42,"column":51}},"15":{"start":{"line":46,"column":28},"end":{"line":61,"column":3}},"16":{"start":{"line":46,"column":34},"end":{"line":61,"column":3}},"17":{"start":{"line":52,"column":23},"end":{"line":52,"column":57}},"18":{"start":{"line":63,"column":25},"end":{"line":78,"column":3}},"19":{"start":{"line":63,"column":31},"end":{"line":78,"column":3}},"20":{"start":{"line":65,"column":71},"end":{"line":65,"column":74}},"21":{"start":{"line":80,"column":27},"end":{"line":80,"column":46}},"22":{"start":{"line":82,"column":2},"end":{"line":128,"column":4}},"23":{"start":{"line":100,"column":14},"end":{"line":116,"column":17}},"24":{"start":{"line":105,"column":36},"end":{"line":105,"column":49}},"25":{"start":{"line":131,"column":0},"end":{"line":141,"column":2}}},"fnMap":{"0":{"name":"Watchlist","decl":{"start":{"line":19,"column":24},"end":{"line":19,"column":33}},"loc":{"start":{"line":19,"column":44},"end":{"line":129,"column":1}},"line":19},"1":{"name":"(anonymous_1)","decl":{"start":{"line":22,"column":67},"end":{"line":22,"column":68}},"loc":{"start":{"line":22,"column":73},"end":{"line":22,"column":78}},"line":22},"2":{"name":"(anonymous_2)","decl":{"start":{"line":25,"column":12},"end":{"line":25,"column":13}},"loc":{"start":{"line":25,"column":18},"end":{"line":27,"column":3}},"line":25},"3":{"name":"(anonymous_3)","decl":{"start":{"line":26,"column":36},"end":{"line":26,"column":37}},"loc":{"start":{"line":26,"column":42},"end":{"line":26,"column":47}},"line":26},"4":{"name":"handleClick","decl":{"start":{"line":29,"column":11},"end":{"line":29,"column":22}},"loc":{"start":{"line":29,"column":25},"end":{"line":31,"column":3}},"line":29},"5":{"name":"selectItem","decl":{"start":{"line":33,"column":11},"end":{"line":33,"column":21}},"loc":{"start":{"line":33,"column":25},"end":{"line":37,"column":3}},"line":33},"6":{"name":"(anonymous_6)","decl":{"start":{"line":39,"column":42},"end":{"line":39,"column":43}},"loc":{"start":{"line":39,"column":48},"end":{"line":44,"column":3}},"line":39},"7":{"name":"(anonymous_7)","decl":{"start":{"line":42,"column":25},"end":{"line":42,"column":26}},"loc":{"start":{"line":42,"column":35},"end":{"line":42,"column":51}},"line":42},"8":{"name":"(anonymous_8)","decl":{"start":{"line":46,"column":28},"end":{"line":46,"column":29}},"loc":{"start":{"line":46,"column":34},"end":{"line":61,"column":3}},"line":46},"9":{"name":"(anonymous_9)","decl":{"start":{"line":52,"column":17},"end":{"line":52,"column":18}},"loc":{"start":{"line":52,"column":23},"end":{"line":52,"column":57}},"line":52},"10":{"name":"(anonymous_10)","decl":{"start":{"line":63,"column":25},"end":{"line":63,"column":26}},"loc":{"start":{"line":63,"column":31},"end":{"line":78,"column":3}},"line":63},"11":{"name":"(anonymous_11)","decl":{"start":{"line":65,"column":62},"end":{"line":65,"column":63}},"loc":{"start":{"line":65,"column":71},"end":{"line":65,"column":74}},"line":65},"12":{"name":"(anonymous_12)","decl":{"start":{"line":99,"column":31},"end":{"line":99,"column":32}},"loc":{"start":{"line":100,"column":14},"end":{"line":116,"column":17}},"line":100},"13":{"name":"(anonymous_13)","decl":{"start":{"line":105,"column":30},"end":{"line":105,"column":31}},"loc":{"start":{"line":105,"column":36},"end":{"line":105,"column":49}},"line":105}},"branchMap":{"0":{"loc":{"start":{"line":90,"column":37},"end":{"line":90,"column":62}},"type":"cond-expr","locations":[{"start":{"line":90,"column":46},"end":{"line":90,"column":53}},{"start":{"line":90,"column":56},"end":{"line":90,"column":62}}],"line":90},"1":{"loc":{"start":{"line":95,"column":7},"end":{"line":126,"column":7}},"type":"binary-expr","locations":[{"start":{"line":95,"column":7},"end":{"line":95,"column":13}},{"start":{"line":96,"column":8},"end":{"line":125,"column":11}}],"line":95},"2":{"loc":{"start":{"line":97,"column":11},"end":{"line":117,"column":15}},"type":"cond-expr","locations":[{"start":{"line":98,"column":14},"end":{"line":98,"column":115}},{"start":{"line":99,"column":15},"end":{"line":117,"column":14}}],"line":97},"3":{"loc":{"start":{"line":100,"column":14},"end":{"line":116,"column":17}},"type":"cond-expr","locations":[{"start":{"line":102,"column":18},"end":{"line":107,"column":20}},{"start":{"line":109,"column":18},"end":{"line":115,"column":20}}],"line":100}},"s":{"0":10,"1":10,"2":10,"3":6,"4":10,"5":10,"6":4,"7":2,"8":0,"9":0,"10":0,"11":0,"12":10,"13":0,"14":0,"15":10,"16":0,"17":0,"18":10,"19":0,"20":0,"21":10,"22":10,"23":6,"24":0,"25":2},"f":{"0":10,"1":6,"2":4,"3":2,"4":0,"5":0,"6":0,"7":0,"8":0,"9":0,"10":0,"11":0,"12":6,"13":0},"b":{"0":[10,0],"1":[10,10],"2":[4,6],"3":[0,6]},"_coverageSchema":"43e27e138ebf9cfc5966b082cf9a028302ed4184","hash":"b9a31d59942a568453c120885c6463d1e3adde55"}
,"D:\\project\\jsa-alexandrite-app\\src\\Watchlists\\WatchListItem.jsx": {"path":"D:\\project\\jsa-alexandrite-app\\src\\Watchlists\\WatchListItem.jsx","statementMap":{"0":{"start":{"line":20,"column":19},"end":{"line":20,"column":34}},"1":{"start":{"line":21,"column":2},"end":{"line":62,"column":4}},"2":{"start":{"line":53,"column":25},"end":{"line":53,"column":65}},"3":{"start":{"line":65,"column":0},"end":{"line":70,"column":2}}},"fnMap":{"0":{"name":"WatchListItem","decl":{"start":{"line":14,"column":24},"end":{"line":14,"column":37}},"loc":{"start":{"line":19,"column":3},"end":{"line":63,"column":1}},"line":19},"1":{"name":"(anonymous_1)","decl":{"start":{"line":53,"column":19},"end":{"line":53,"column":20}},"loc":{"start":{"line":53,"column":25},"end":{"line":53,"column":65}},"line":53}},"branchMap":{"0":{"loc":{"start":{"line":34,"column":9},"end":{"line":43,"column":11}},"type":"cond-expr","locations":[{"start":{"line":35,"column":10},"end":{"line":37,"column":17}},{"start":{"line":40,"column":12},"end":{"line":42,"column":19}}],"line":34}},"s":{"0":3,"1":3,"2":1,"3":2},"f":{"0":3,"1":1},"b":{"0":[2,1]},"_coverageSchema":"43e27e138ebf9cfc5966b082cf9a028302ed4184","hash":"1b36ce1de770365b900ae00239db57e43e2e1c42"}
,"D:\\project\\jsa-alexandrite-app\\src\\Watchlists\\index.jsx": {"path":"D:\\project\\jsa-alexandrite-app\\src\\Watchlists\\index.jsx","statementMap":{"0":{"start":{"line":20,"column":27},"end":{"line":20,"column":95}},"1":{"start":{"line":22,"column":26},"end":{"line":25,"column":1}},"2":{"start":{"line":24,"column":21},"end":{"line":24,"column":37}},"3":{"start":{"line":27,"column":25},"end":{"line":98,"column":1}},"4":{"start":{"line":28,"column":42},"end":{"line":28,"column":57}},"5":{"start":{"line":29,"column":46},"end":{"line":29,"column":58}},"6":{"start":{"line":30,"column":19},"end":{"line":30,"column":32}},"7":{"start":{"line":35,"column":6},"end":{"line":35,"column":46}},"8":{"start":{"line":35,"column":29},"end":{"line":35,"column":45}},"9":{"start":{"line":36,"column":22},"end":{"line":36,"column":43}},"10":{"start":{"line":38,"column":22},"end":{"line":42,"column":3}},"11":{"start":{"line":39,"column":4},"end":{"line":41,"column":5}},"12":{"start":{"line":40,"column":6},"end":{"line":40,"column":40}},"13":{"start":{"line":44,"column":2},"end":{"line":46,"column":9}},"14":{"start":{"line":45,"column":4},"end":{"line":45,"column":18}},"15":{"start":{"line":48,"column":26},"end":{"line":51,"column":3}},"16":{"start":{"line":49,"column":4},"end":{"line":49,"column":27}},"17":{"start":{"line":50,"column":4},"end":{"line":50,"column":26}},"18":{"start":{"line":53,"column":28},"end":{"line":57,"column":3}},"19":{"start":{"line":54,"column":4},"end":{"line":54,"column":64}},"20":{"start":{"line":54,"column":24},"end":{"line":54,"column":64}},"21":{"start":{"line":55,"column":4},"end":{"line":55,"column":27}},"22":{"start":{"line":56,"column":4},"end":{"line":56,"column":26}},"23":{"start":{"line":59,"column":2},"end":{"line":97,"column":4}},"24":{"start":{"line":62,"column":36},"end":{"line":66,"column":16}},"25":{"start":{"line":70,"column":32},"end":{"line":70,"column":55}},"26":{"start":{"line":72,"column":10},"end":{"line":72,"column":35}},"27":{"start":{"line":86,"column":102},"end":{"line":86,"column":125}},"28":{"start":{"line":91,"column":10},"end":{"line":91,"column":32}},"29":{"start":{"line":100,"column":0},"end":{"line":100,"column":55}}},"fnMap":{"0":{"name":"(anonymous_0)","decl":{"start":{"line":24,"column":15},"end":{"line":24,"column":16}},"loc":{"start":{"line":24,"column":21},"end":{"line":24,"column":37}},"line":24},"1":{"name":"(anonymous_1)","decl":{"start":{"line":27,"column":25},"end":{"line":27,"column":26}},"loc":{"start":{"line":27,"column":31},"end":{"line":98,"column":1}},"line":27},"2":{"name":"(anonymous_2)","decl":{"start":{"line":35,"column":18},"end":{"line":35,"column":19}},"loc":{"start":{"line":35,"column":29},"end":{"line":35,"column":45}},"line":35},"3":{"name":"(anonymous_3)","decl":{"start":{"line":38,"column":22},"end":{"line":38,"column":23}},"loc":{"start":{"line":38,"column":28},"end":{"line":42,"column":3}},"line":38},"4":{"name":"(anonymous_4)","decl":{"start":{"line":44,"column":12},"end":{"line":44,"column":13}},"loc":{"start":{"line":44,"column":18},"end":{"line":46,"column":3}},"line":44},"5":{"name":"(anonymous_5)","decl":{"start":{"line":48,"column":26},"end":{"line":48,"column":27}},"loc":{"start":{"line":48,"column":32},"end":{"line":51,"column":3}},"line":48},"6":{"name":"(anonymous_6)","decl":{"start":{"line":53,"column":28},"end":{"line":53,"column":29}},"loc":{"start":{"line":53,"column":34},"end":{"line":57,"column":3}},"line":53},"7":{"name":"(anonymous_7)","decl":{"start":{"line":62,"column":29},"end":{"line":62,"column":30}},"loc":{"start":{"line":62,"column":36},"end":{"line":66,"column":16}},"line":62},"8":{"name":"(anonymous_8)","decl":{"start":{"line":70,"column":22},"end":{"line":70,"column":23}},"loc":{"start":{"line":70,"column":32},"end":{"line":70,"column":55}},"line":70},"9":{"name":"(anonymous_9)","decl":{"start":{"line":71,"column":20},"end":{"line":71,"column":21}},"loc":{"start":{"line":72,"column":10},"end":{"line":72,"column":35}},"line":72},"10":{"name":"(anonymous_10)","decl":{"start":{"line":86,"column":92},"end":{"line":86,"column":93}},"loc":{"start":{"line":86,"column":102},"end":{"line":86,"column":125}},"line":86},"11":{"name":"(anonymous_11)","decl":{"start":{"line":90,"column":17},"end":{"line":90,"column":18}},"loc":{"start":{"line":90,"column":23},"end":{"line":92,"column":9}},"line":90}},"branchMap":{"0":{"loc":{"start":{"line":39,"column":4},"end":{"line":41,"column":5}},"type":"if","locations":[{"start":{"line":39,"column":4},"end":{"line":41,"column":5}},{"start":{"line":39,"column":4},"end":{"line":41,"column":5}}],"line":39},"1":{"loc":{"start":{"line":39,"column":8},"end":{"line":39,"column":39}},"type":"binary-expr","locations":[{"start":{"line":39,"column":8},"end":{"line":39,"column":18}},{"start":{"line":39,"column":22},"end":{"line":39,"column":39}}],"line":39},"2":{"loc":{"start":{"line":54,"column":4},"end":{"line":54,"column":64}},"type":"if","locations":[{"start":{"line":54,"column":4},"end":{"line":54,"column":64}},{"start":{"line":54,"column":4},"end":{"line":54,"column":64}}],"line":54},"3":{"loc":{"start":{"line":62,"column":36},"end":{"line":66,"column":16}},"type":"cond-expr","locations":[{"start":{"line":63,"column":10},"end":{"line":65,"column":17}},{"start":{"line":66,"column":12},"end":{"line":66,"column":16}}],"line":62}},"s":{"0":2,"1":2,"2":0,"3":2,"4":6,"5":6,"6":6,"7":6,"8":0,"9":6,"10":6,"11":3,"12":2,"13":6,"14":3,"15":6,"16":0,"17":0,"18":6,"19":0,"20":0,"21":0,"22":0,"23":6,"24":5,"25":4,"26":4,"27":0,"28":0,"29":2},"f":{"0":0,"1":6,"2":0,"3":3,"4":3,"5":0,"6":0,"7":5,"8":4,"9":4,"10":0,"11":0},"b":{"0":[2,1],"1":[3,3],"2":[0,0],"3":[0,5]},"_coverageSchema":"43e27e138ebf9cfc5966b082cf9a028302ed4184","hash":"19ae18babc5323c8a98ef080bdd6d8b9986614b5"}
,"D:\\project\\jsa-alexandrite-app\\src\\Watchlists\\styles.js": {"path":"D:\\project\\jsa-alexandrite-app\\src\\Watchlists\\styles.js","statementMap":{},"fnMap":{},"branchMap":{},"s":{},"f":{},"b":{},"_coverageSchema":"43e27e138ebf9cfc5966b082cf9a028302ed4184","hash":"97c7bf1977c1fe2febd0d4400af878ec2ba24f49"}
,"D:\\project\\jsa-alexandrite-app\\src\\common\\Card.jsx": {"path":"D:\\project\\jsa-alexandrite-app\\src\\common\\Card.jsx","statementMap":{"0":{"start":{"line":6,"column":13},"end":{"line":11,"column":1}},"1":{"start":{"line":7,"column":2},"end":{"line":10,"column":9}},"2":{"start":{"line":14,"column":0},"end":{"line":21,"column":2}},"3":{"start":{"line":23,"column":0},"end":{"line":27,"column":2}}},"fnMap":{"0":{"name":"(anonymous_0)","decl":{"start":{"line":6,"column":13},"end":{"line":6,"column":14}},"loc":{"start":{"line":7,"column":2},"end":{"line":10,"column":9}},"line":7}},"branchMap":{"0":{"loc":{"start":{"line":8,"column":5},"end":{"line":8,"column":59}},"type":"binary-expr","locations":[{"start":{"line":8,"column":5},"end":{"line":8,"column":10}},{"start":{"line":8,"column":14},"end":{"line":8,"column":59}}],"line":8}},"s":{"0":3,"1":12,"2":3,"3":3},"f":{"0":12},"b":{"0":[12,1]},"_coverageSchema":"43e27e138ebf9cfc5966b082cf9a028302ed4184","hash":"68232bc9b0b5e3c525ff88df8c40e19fedd3e236"}
,"D:\\project\\jsa-alexandrite-app\\src\\common\\Column.jsx": {"path":"D:\\project\\jsa-alexandrite-app\\src\\common\\Column.jsx","statementMap":{"0":{"start":{"line":6,"column":15},"end":{"line":10,"column":1}},"1":{"start":{"line":7,"column":2},"end":{"line":9,"column":9}},"2":{"start":{"line":12,"column":0},"end":{"line":15,"column":2}},"3":{"start":{"line":17,"column":0},"end":{"line":20,"column":2}}},"fnMap":{"0":{"name":"(anonymous_0)","decl":{"start":{"line":6,"column":15},"end":{"line":6,"column":16}},"loc":{"start":{"line":7,"column":2},"end":{"line":9,"column":9}},"line":7}},"branchMap":{},"s":{"0":2,"1":2,"2":2,"3":2},"f":{"0":2},"b":{},"_coverageSchema":"43e27e138ebf9cfc5966b082cf9a028302ed4184","hash":"59f36f65b81131db8086871d0d439c3e45112573"}
,"D:\\project\\jsa-alexandrite-app\\src\\common\\ErrorMessage.jsx": {"path":"D:\\project\\jsa-alexandrite-app\\src\\common\\ErrorMessage.jsx","statementMap":{"0":{"start":{"line":6,"column":21},"end":{"line":10,"column":1}},"1":{"start":{"line":7,"column":2},"end":{"line":9,"column":9}},"2":{"start":{"line":13,"column":0},"end":{"line":15,"column":2}}},"fnMap":{"0":{"name":"(anonymous_0)","decl":{"start":{"line":6,"column":21},"end":{"line":6,"column":22}},"loc":{"start":{"line":7,"column":2},"end":{"line":9,"column":9}},"line":7}},"branchMap":{},"s":{"0":2,"1":1,"2":2},"f":{"0":1},"b":{},"_coverageSchema":"43e27e138ebf9cfc5966b082cf9a028302ed4184","hash":"6493603e3674182bbf920ce75fef69cbc0f2b964"}
,"D:\\project\\jsa-alexandrite-app\\src\\common\\HeaderSearchButton.jsx": {"path":"D:\\project\\jsa-alexandrite-app\\src\\common\\HeaderSearchButton.jsx","statementMap":{"0":{"start":{"line":8,"column":19},"end":{"line":8,"column":34}},"1":{"start":{"line":9,"column":2},"end":{"line":22,"column":4}},"2":{"start":{"line":11,"column":21},"end":{"line":11,"column":35}}},"fnMap":{"0":{"name":"SearchButton","decl":{"start":{"line":7,"column":24},"end":{"line":7,"column":36}},"loc":{"start":{"line":7,"column":39},"end":{"line":23,"column":1}},"line":7},"1":{"name":"(anonymous_1)","decl":{"start":{"line":11,"column":15},"end":{"line":11,"column":16}},"loc":{"start":{"line":11,"column":21},"end":{"line":11,"column":35}},"line":11}},"branchMap":{},"s":{"0":2,"1":2,"2":1},"f":{"0":2,"1":1},"b":{},"_coverageSchema":"43e27e138ebf9cfc5966b082cf9a028302ed4184","hash":"3fa1192c1695a1bfe3e862d3ff59e1369b3a90b0"}
,"D:\\project\\jsa-alexandrite-app\\src\\common\\Popup.jsx": {"path":"D:\\project\\jsa-alexandrite-app\\src\\common\\Popup.jsx","statementMap":{"0":{"start":{"line":13,"column":20},"end":{"line":20,"column":1}},"1":{"start":{"line":14,"column":2},"end":{"line":19,"column":9}},"2":{"start":{"line":22,"column":25},"end":{"line":46,"column":1}},"3":{"start":{"line":25,"column":2},"end":{"line":45,"column":9}},"4":{"start":{"line":51,"column":2},"end":{"line":74,"column":4}},"5":{"start":{"line":76,"column":0},"end":{"line":87,"column":2}},"6":{"start":{"line":89,"column":0},"end":{"line":92,"column":2}},"7":{"start":{"line":94,"column":0},"end":{"line":97,"column":2}},"8":{"start":{"line":99,"column":0},"end":{"line":104,"column":2}}},"fnMap":{"0":{"name":"(anonymous_0)","decl":{"start":{"line":13,"column":20},"end":{"line":13,"column":21}},"loc":{"start":{"line":14,"column":2},"end":{"line":19,"column":9}},"line":14},"1":{"name":"(anonymous_1)","decl":{"start":{"line":22,"column":25},"end":{"line":22,"column":26}},"loc":{"start":{"line":25,"column":2},"end":{"line":45,"column":9}},"line":25},"2":{"name":"Popup","decl":{"start":{"line":48,"column":24},"end":{"line":48,"column":29}},"loc":{"start":{"line":50,"column":3},"end":{"line":75,"column":1}},"line":50}},"branchMap":{"0":{"loc":{"start":{"line":30,"column":8},"end":{"line":30,"column":43}},"type":"binary-expr","locations":[{"start":{"line":30,"column":8},"end":{"line":30,"column":23}},{"start":{"line":30,"column":27},"end":{"line":30,"column":43}}],"line":30}},"s":{"0":1,"1":0,"2":1,"3":0,"4":0,"5":1,"6":1,"7":1,"8":1},"f":{"0":0,"1":0,"2":0},"b":{"0":[0,0]},"_coverageSchema":"43e27e138ebf9cfc5966b082cf9a028302ed4184","hash":"c9cb5a752bb075b0ff04c560101a8e176b80d7b5"}
,"D:\\project\\jsa-alexandrite-app\\src\\common\\Row.jsx": {"path":"D:\\project\\jsa-alexandrite-app\\src\\common\\Row.jsx","statementMap":{"0":{"start":{"line":6,"column":12},"end":{"line":10,"column":1}},"1":{"start":{"line":7,"column":2},"end":{"line":9,"column":9}},"2":{"start":{"line":13,"column":0},"end":{"line":16,"column":2}},"3":{"start":{"line":18,"column":0},"end":{"line":21,"column":2}}},"fnMap":{"0":{"name":"(anonymous_0)","decl":{"start":{"line":6,"column":12},"end":{"line":6,"column":13}},"loc":{"start":{"line":7,"column":2},"end":{"line":9,"column":9}},"line":7}},"branchMap":{},"s":{"0":1,"1":2,"2":1,"3":1},"f":{"0":2},"b":{},"_coverageSchema":"43e27e138ebf9cfc5966b082cf9a028302ed4184","hash":"3ffeef2b6527718481f0018c05fefd6ed33e1b4b"}
,"D:\\project\\jsa-alexandrite-app\\src\\common\\chartHelper.js": {"path":"D:\\project\\jsa-alexandrite-app\\src\\common\\chartHelper.js","statementMap":{"0":{"start":{"line":3,"column":21},"end":{"line":19,"column":1}},"1":{"start":{"line":4,"column":2},"end":{"line":8,"column":3}},"2":{"start":{"line":7,"column":4},"end":{"line":7,"column":61}},"3":{"start":{"line":9,"column":2},"end":{"line":12,"column":3}},"4":{"start":{"line":10,"column":4},"end":{"line":11,"column":71}},"5":{"start":{"line":13,"column":2},"end":{"line":17,"column":3}},"6":{"start":{"line":16,"column":4},"end":{"line":16,"column":67}},"7":{"start":{"line":18,"column":2},"end":{"line":18,"column":54}},"8":{"start":{"line":21,"column":24},"end":{"line":33,"column":1}},"9":{"start":{"line":22,"column":2},"end":{"line":31,"column":3}},"10":{"start":{"line":23,"column":4},"end":{"line":30,"column":12}},"11":{"start":{"line":23,"column":44},"end":{"line":30,"column":5}},"12":{"start":{"line":32,"column":2},"end":{"line":32,"column":14}},"13":{"start":{"line":35,"column":27},"end":{"line":49,"column":1}},"14":{"start":{"line":37,"column":25},"end":{"line":43,"column":8}},"15":{"start":{"line":38,"column":16},"end":{"line":38,"column":38}},"16":{"start":{"line":39,"column":4},"end":{"line":42,"column":6}},"17":{"start":{"line":45,"column":2},"end":{"line":48,"column":10}},"18":{"start":{"line":45,"column":62},"end":{"line":48,"column":3}},"19":{"start":{"line":47,"column":48},"end":{"line":47,"column":53}},"20":{"start":{"line":51,"column":25},"end":{"line":54,"column":7}},"21":{"start":{"line":51,"column":35},"end":{"line":54,"column":7}},"22":{"start":{"line":51,"column":66},"end":{"line":54,"column":1}},"23":{"start":{"line":58,"column":4},"end":{"line":60,"column":32}}},"fnMap":{"0":{"name":"(anonymous_0)","decl":{"start":{"line":3,"column":21},"end":{"line":3,"column":22}},"loc":{"start":{"line":3,"column":59},"end":{"line":19,"column":1}},"line":3},"1":{"name":"(anonymous_1)","decl":{"start":{"line":21,"column":24},"end":{"line":21,"column":25}},"loc":{"start":{"line":21,"column":41},"end":{"line":33,"column":1}},"line":21},"2":{"name":"(anonymous_2)","decl":{"start":{"line":23,"column":23},"end":{"line":23,"column":24}},"loc":{"start":{"line":23,"column":44},"end":{"line":30,"column":5}},"line":23},"3":{"name":"(anonymous_3)","decl":{"start":{"line":35,"column":27},"end":{"line":35,"column":28}},"loc":{"start":{"line":35,"column":37},"end":{"line":49,"column":1}},"line":35},"4":{"name":"(anonymous_4)","decl":{"start":{"line":37,"column":37},"end":{"line":37,"column":38}},"loc":{"start":{"line":37,"column":55},"end":{"line":43,"column":3}},"line":37},"5":{"name":"(anonymous_5)","decl":{"start":{"line":45,"column":44},"end":{"line":45,"column":45}},"loc":{"start":{"line":45,"column":62},"end":{"line":48,"column":3}},"line":45},"6":{"name":"(anonymous_6)","decl":{"start":{"line":47,"column":38},"end":{"line":47,"column":39}},"loc":{"start":{"line":47,"column":48},"end":{"line":47,"column":53}},"line":47},"7":{"name":"(anonymous_7)","decl":{"start":{"line":51,"column":25},"end":{"line":51,"column":26}},"loc":{"start":{"line":51,"column":35},"end":{"line":54,"column":7}},"line":51},"8":{"name":"(anonymous_8)","decl":{"start":{"line":51,"column":47},"end":{"line":51,"column":48}},"loc":{"start":{"line":51,"column":66},"end":{"line":54,"column":1}},"line":51},"9":{"name":"(anonymous_9)","decl":{"start":{"line":57,"column":20},"end":{"line":57,"column":21}},"loc":{"start":{"line":58,"column":4},"end":{"line":60,"column":32}},"line":58}},"branchMap":{"0":{"loc":{"start":{"line":4,"column":2},"end":{"line":8,"column":3}},"type":"if","locations":[{"start":{"line":4,"column":2},"end":{"line":8,"column":3}},{"start":{"line":4,"column":2},"end":{"line":8,"column":3}}],"line":4},"1":{"loc":{"start":{"line":7,"column":11},"end":{"line":7,"column":60}},"type":"cond-expr","locations":[{"start":{"line":7,"column":36},"end":{"line":7,"column":55}},{"start":{"line":7,"column":58},"end":{"line":7,"column":60}}],"line":7},"2":{"loc":{"start":{"line":9,"column":2},"end":{"line":12,"column":3}},"type":"if","locations":[{"start":{"line":9,"column":2},"end":{"line":12,"column":3}},{"start":{"line":9,"column":2},"end":{"line":12,"column":3}}],"line":9},"3":{"loc":{"start":{"line":10,"column":11},"end":{"line":11,"column":70}},"type":"cond-expr","locations":[{"start":{"line":11,"column":8},"end":{"line":11,"column":65}},{"start":{"line":11,"column":68},"end":{"line":11,"column":70}}],"line":10},"4":{"loc":{"start":{"line":13,"column":2},"end":{"line":17,"column":3}},"type":"if","locations":[{"start":{"line":13,"column":2},"end":{"line":17,"column":3}},{"start":{"line":13,"column":2},"end":{"line":17,"column":3}}],"line":13},"5":{"loc":{"start":{"line":16,"column":11},"end":{"line":16,"column":66}},"type":"cond-expr","locations":[{"start":{"line":16,"column":43},"end":{"line":16,"column":61}},{"start":{"line":16,"column":64},"end":{"line":16,"column":66}}],"line":16},"6":{"loc":{"start":{"line":22,"column":2},"end":{"line":31,"column":3}},"type":"if","locations":[{"start":{"line":22,"column":2},"end":{"line":31,"column":3}},{"start":{"line":22,"column":2},"end":{"line":31,"column":3}}],"line":22},"7":{"loc":{"start":{"line":26,"column":8},"end":{"line":28,"column":37}},"type":"cond-expr","locations":[{"start":{"line":27,"column":12},"end":{"line":27,"column":36}},{"start":{"line":28,"column":12},"end":{"line":28,"column":37}}],"line":26},"8":{"loc":{"start":{"line":41,"column":13},"end":{"line":41,"column":70}},"type":"cond-expr","locations":[{"start":{"line":41,"column":27},"end":{"line":41,"column":55}},{"start":{"line":41,"column":58},"end":{"line":41,"column":70}}],"line":41},"9":{"loc":{"start":{"line":58,"column":4},"end":{"line":60,"column":32}},"type":"cond-expr","locations":[{"start":{"line":59,"column":8},"end":{"line":59,"column":30}},{"start":{"line":60,"column":8},"end":{"line":60,"column":32}}],"line":58},"10":{"loc":{"start":{"line":58,"column":5},"end":{"line":58,"column":37}},"type":"binary-expr","locations":[{"start":{"line":58,"column":5},"end":{"line":58,"column":19}},{"start":{"line":58,"column":23},"end":{"line":58,"column":37}}],"line":58}},"s":{"0":2,"1":0,"2":0,"3":0,"4":0,"5":0,"6":0,"7":0,"8":2,"9":2,"10":1,"11":7,"12":1,"13":2,"14":0,"15":0,"16":0,"17":0,"18":0,"19":0,"20":2,"21":0,"22":0,"23":0},"f":{"0":0,"1":2,"2":7,"3":0,"4":0,"5":0,"6":0,"7":0,"8":0,"9":0},"b":{"0":[0,0],"1":[0,0],"2":[0,0],"3":[0,0],"4":[0,0],"5":[0,0],"6":[1,1],"7":[3,4],"8":[0,0],"9":[0,0],"10":[0,0]},"_coverageSchema":"43e27e138ebf9cfc5966b082cf9a028302ed4184","hash":"b61dea8a1bc27d8dca1f79877a244aa882471c71"}
,"D:\\project\\jsa-alexandrite-app\\src\\common\\constants.js": {"path":"D:\\project\\jsa-alexandrite-app\\src\\common\\constants.js","statementMap":{"0":{"start":{"line":1,"column":15},"end":{"line":1,"column":99}},"1":{"start":{"line":2,"column":32},"end":{"line":2,"column":62}}},"fnMap":{},"branchMap":{},"s":{"0":2,"1":2},"f":{},"b":{},"_coverageSchema":"43e27e138ebf9cfc5966b082cf9a028302ed4184","hash":"77ef2de167a246235376eda0b7c2c9066503f71d"}
,"D:\\project\\jsa-alexandrite-app\\src\\common\\numbers.js": {"path":"D:\\project\\jsa-alexandrite-app\\src\\common\\numbers.js","statementMap":{"0":{"start":{"line":1,"column":34},"end":{"line":4,"column":1}},"1":{"start":{"line":2,"column":22},"end":{"line":2,"column":33}},"2":{"start":{"line":3,"column":2},"end":{"line":3,"column":57}},"3":{"start":{"line":6,"column":21},"end":{"line":9,"column":1}},"4":{"start":{"line":7,"column":22},"end":{"line":7,"column":35}},"5":{"start":{"line":8,"column":2},"end":{"line":8,"column":51}},"6":{"start":{"line":11,"column":35},"end":{"line":16,"column":1}},"7":{"start":{"line":12,"column":2},"end":{"line":12,"column":25}},"8":{"start":{"line":12,"column":16},"end":{"line":12,"column":25}},"9":{"start":{"line":13,"column":2},"end":{"line":13,"column":48}},"10":{"start":{"line":13,"column":19},"end":{"line":13,"column":48}},"11":{"start":{"line":14,"column":2},"end":{"line":14,"column":54}},"12":{"start":{"line":14,"column":22},"end":{"line":14,"column":54}},"13":{"start":{"line":15,"column":2},"end":{"line":15,"column":37}},"14":{"start":{"line":18,"column":34},"end":{"line":25,"column":1}},"15":{"start":{"line":19,"column":2},"end":{"line":24,"column":16}}},"fnMap":{"0":{"name":"(anonymous_0)","decl":{"start":{"line":1,"column":34},"end":{"line":1,"column":35}},"loc":{"start":{"line":1,"column":52},"end":{"line":4,"column":1}},"line":1},"1":{"name":"(anonymous_1)","decl":{"start":{"line":6,"column":21},"end":{"line":6,"column":22}},"loc":{"start":{"line":6,"column":41},"end":{"line":9,"column":1}},"line":6},"2":{"name":"(anonymous_2)","decl":{"start":{"line":11,"column":35},"end":{"line":11,"column":36}},"loc":{"start":{"line":11,"column":42},"end":{"line":16,"column":1}},"line":11},"3":{"name":"(anonymous_3)","decl":{"start":{"line":18,"column":34},"end":{"line":18,"column":35}},"loc":{"start":{"line":19,"column":2},"end":{"line":24,"column":16}},"line":19}},"branchMap":{"0":{"loc":{"start":{"line":1,"column":38},"end":{"line":1,"column":47}},"type":"default-arg","locations":[{"start":{"line":1,"column":46},"end":{"line":1,"column":47}}],"line":1},"1":{"loc":{"start":{"line":6,"column":25},"end":{"line":6,"column":36}},"type":"default-arg","locations":[{"start":{"line":6,"column":35},"end":{"line":6,"column":36}}],"line":6},"2":{"loc":{"start":{"line":12,"column":2},"end":{"line":12,"column":25}},"type":"if","locations":[{"start":{"line":12,"column":2},"end":{"line":12,"column":25}},{"start":{"line":12,"column":2},"end":{"line":12,"column":25}}],"line":12},"3":{"loc":{"start":{"line":13,"column":2},"end":{"line":13,"column":48}},"type":"if","locations":[{"start":{"line":13,"column":2},"end":{"line":13,"column":48}},{"start":{"line":13,"column":2},"end":{"line":13,"column":48}}],"line":13},"4":{"loc":{"start":{"line":14,"column":2},"end":{"line":14,"column":54}},"type":"if","locations":[{"start":{"line":14,"column":2},"end":{"line":14,"column":54}},{"start":{"line":14,"column":2},"end":{"line":14,"column":54}}],"line":14}},"s":{"0":5,"1":1,"2":1,"3":5,"4":8,"5":8,"6":5,"7":6,"8":1,"9":5,"10":1,"11":4,"12":3,"13":1,"14":5,"15":1},"f":{"0":1,"1":8,"2":6,"3":1},"b":{"0":[1],"1":[8],"2":[1,5],"3":[1,4],"4":[3,1]},"_coverageSchema":"43e27e138ebf9cfc5966b082cf9a028302ed4184","hash":"7351dbb71ea90983d751ec2bf5e7a34f06efe53b"}
,"D:\\project\\jsa-alexandrite-app\\src\\common\\styles.js": {"path":"D:\\project\\jsa-alexandrite-app\\src\\common\\styles.js","statementMap":{"0":{"start":{"line":3,"column":33},"end":{"line":3,"column":57}}},"fnMap":{},"branchMap":{},"s":{"0":11},"f":{},"b":{},"_coverageSchema":"43e27e138ebf9cfc5966b082cf9a028302ed4184","hash":"0d56530974a7291eb29ea2ba37f9c261ba02d6e4"}
,"D:\\project\\jsa-alexandrite-app\\src\\navigation\\MainTabNavigation.jsx": {"path":"D:\\project\\jsa-alexandrite-app\\src\\navigation\\MainTabNavigation.jsx","statementMap":{"0":{"start":{"line":17,"column":25},"end":{"line":24,"column":2}},"1":{"start":{"line":26,"column":24},"end":{"line":33,"column":2}},"2":{"start":{"line":35,"column":21},"end":{"line":40,"column":2}},"3":{"start":{"line":42,"column":24},"end":{"line":46,"column":2}},"4":{"start":{"line":48,"column":19},"end":{"line":48,"column":87}},"5":{"start":{"line":48,"column":41},"end":{"line":48,"column":86}},"6":{"start":{"line":50,"column":13},"end":{"line":70,"column":1}},"7":{"start":{"line":55,"column":37},"end":{"line":55,"column":81}},"8":{"start":{"line":61,"column":37},"end":{"line":61,"column":74}},"9":{"start":{"line":67,"column":37},"end":{"line":67,"column":71}},"10":{"start":{"line":72,"column":33},"end":{"line":77,"column":1}},"11":{"start":{"line":79,"column":21},"end":{"line":79,"column":77}}},"fnMap":{"0":{"name":"(anonymous_0)","decl":{"start":{"line":48,"column":19},"end":{"line":48,"column":20}},"loc":{"start":{"line":48,"column":41},"end":{"line":48,"column":86}},"line":48},"1":{"name":"(anonymous_1)","decl":{"start":{"line":55,"column":18},"end":{"line":55,"column":19}},"loc":{"start":{"line":55,"column":37},"end":{"line":55,"column":81}},"line":55},"2":{"name":"(anonymous_2)","decl":{"start":{"line":61,"column":18},"end":{"line":61,"column":19}},"loc":{"start":{"line":61,"column":37},"end":{"line":61,"column":74}},"line":61},"3":{"name":"(anonymous_3)","decl":{"start":{"line":67,"column":18},"end":{"line":67,"column":19}},"loc":{"start":{"line":67,"column":37},"end":{"line":67,"column":71}},"line":67}},"branchMap":{"0":{"loc":{"start":{"line":51,"column":6},"end":{"line":51,"column":79}},"type":"binary-expr","locations":[{"start":{"line":51,"column":6},"end":{"line":51,"column":44}},{"start":{"line":51,"column":48},"end":{"line":51,"column":79}}],"line":51}},"s":{"0":1,"1":1,"2":1,"3":1,"4":1,"5":0,"6":1,"7":0,"8":0,"9":0,"10":1,"11":1},"f":{"0":0,"1":0,"2":0,"3":0},"b":{"0":[1,0]},"_coverageSchema":"43e27e138ebf9cfc5966b082cf9a028302ed4184","hash":"f9fa3b20519a247ea12129c5640e8a5221216a8b"}
,"D:\\project\\jsa-alexandrite-app\\src\\redux\\investment\\actionCreator.js": {"path":"D:\\project\\jsa-alexandrite-app\\src\\redux\\investment\\actionCreator.js","statementMap":{"0":{"start":{"line":9,"column":42},"end":{"line":11,"column":2}},"1":{"start":{"line":9,"column":49},"end":{"line":11,"column":1}},"2":{"start":{"line":13,"column":41},"end":{"line":16,"column":2}},"3":{"start":{"line":13,"column":55},"end":{"line":16,"column":1}},"4":{"start":{"line":18,"column":44},"end":{"line":21,"column":2}},"5":{"start":{"line":18,"column":58},"end":{"line":21,"column":1}},"6":{"start":{"line":23,"column":39},"end":{"line":61,"column":1}},"7":{"start":{"line":23,"column":52},"end":{"line":61,"column":1}},"8":{"start":{"line":24,"column":20},"end":{"line":24,"column":68}},"9":{"start":{"line":25,"column":2},"end":{"line":25,"column":41}},"10":{"start":{"line":26,"column":2},"end":{"line":60,"column":62}},"11":{"start":{"line":28,"column":6},"end":{"line":35,"column":7}},"12":{"start":{"line":29,"column":8},"end":{"line":34,"column":9}},"13":{"start":{"line":31,"column":12},"end":{"line":31,"column":100}},"14":{"start":{"line":33,"column":12},"end":{"line":33,"column":76}},"15":{"start":{"line":36,"column":6},"end":{"line":36,"column":29}},"16":{"start":{"line":39,"column":21},"end":{"line":39,"column":41}},"17":{"start":{"line":40,"column":22},"end":{"line":40,"column":57}},"18":{"start":{"line":40,"column":44},"end":{"line":40,"column":56}},"19":{"start":{"line":41,"column":21},"end":{"line":41,"column":61}},"20":{"start":{"line":42,"column":6},"end":{"line":42,"column":53}},"21":{"start":{"line":43,"column":6},"end":{"line":43,"column":51}},"22":{"start":{"line":44,"column":6},"end":{"line":44,"column":51}},"23":{"start":{"line":45,"column":6},"end":{"line":58,"column":11}},"24":{"start":{"line":47,"column":10},"end":{"line":49,"column":11}},"25":{"start":{"line":48,"column":12},"end":{"line":48,"column":76}},"26":{"start":{"line":50,"column":10},"end":{"line":50,"column":28}},"27":{"start":{"line":53,"column":27},"end":{"line":55,"column":36}},"28":{"start":{"line":54,"column":41},"end":{"line":54,"column":67}},"29":{"start":{"line":55,"column":30},"end":{"line":55,"column":35}},"30":{"start":{"line":56,"column":10},"end":{"line":56,"column":56}},"31":{"start":{"line":57,"column":10},"end":{"line":57,"column":65}},"32":{"start":{"line":60,"column":20},"end":{"line":60,"column":60}}},"fnMap":{"0":{"name":"(anonymous_0)","decl":{"start":{"line":9,"column":42},"end":{"line":9,"column":43}},"loc":{"start":{"line":9,"column":49},"end":{"line":11,"column":1}},"line":9},"1":{"name":"(anonymous_1)","decl":{"start":{"line":13,"column":41},"end":{"line":13,"column":42}},"loc":{"start":{"line":13,"column":55},"end":{"line":16,"column":1}},"line":13},"2":{"name":"(anonymous_2)","decl":{"start":{"line":18,"column":44},"end":{"line":18,"column":45}},"loc":{"start":{"line":18,"column":58},"end":{"line":21,"column":1}},"line":18},"3":{"name":"(anonymous_3)","decl":{"start":{"line":23,"column":39},"end":{"line":23,"column":40}},"loc":{"start":{"line":23,"column":52},"end":{"line":61,"column":1}},"line":23},"4":{"name":"(anonymous_4)","decl":{"start":{"line":23,"column":52},"end":{"line":23,"column":53}},"loc":{"start":{"line":23,"column":66},"end":{"line":61,"column":1}},"line":23},"5":{"name":"(anonymous_5)","decl":{"start":{"line":27,"column":10},"end":{"line":27,"column":11}},"loc":{"start":{"line":27,"column":24},"end":{"line":37,"column":5}},"line":27},"6":{"name":"(anonymous_6)","decl":{"start":{"line":38,"column":10},"end":{"line":38,"column":11}},"loc":{"start":{"line":38,"column":24},"end":{"line":59,"column":5}},"line":38},"7":{"name":"(anonymous_7)","decl":{"start":{"line":40,"column":33},"end":{"line":40,"column":34}},"loc":{"start":{"line":40,"column":44},"end":{"line":40,"column":56}},"line":40},"8":{"name":"(anonymous_8)","decl":{"start":{"line":46,"column":14},"end":{"line":46,"column":15}},"loc":{"start":{"line":46,"column":23},"end":{"line":51,"column":9}},"line":46},"9":{"name":"(anonymous_9)","decl":{"start":{"line":52,"column":14},"end":{"line":52,"column":15}},"loc":{"start":{"line":52,"column":23},"end":{"line":58,"column":9}},"line":52},"10":{"name":"(anonymous_10)","decl":{"start":{"line":54,"column":17},"end":{"line":54,"column":18}},"loc":{"start":{"line":54,"column":41},"end":{"line":54,"column":67}},"line":54},"11":{"name":"(anonymous_11)","decl":{"start":{"line":55,"column":20},"end":{"line":55,"column":21}},"loc":{"start":{"line":55,"column":30},"end":{"line":55,"column":35}},"line":55},"12":{"name":"(anonymous_12)","decl":{"start":{"line":60,"column":11},"end":{"line":60,"column":12}},"loc":{"start":{"line":60,"column":20},"end":{"line":60,"column":60}},"line":60}},"branchMap":{"0":{"loc":{"start":{"line":23,"column":40},"end":{"line":23,"column":47}},"type":"default-arg","locations":[{"start":{"line":23,"column":46},"end":{"line":23,"column":47}}],"line":23},"1":{"loc":{"start":{"line":28,"column":6},"end":{"line":35,"column":7}},"type":"if","locations":[{"start":{"line":28,"column":6},"end":{"line":35,"column":7}},{"start":{"line":28,"column":6},"end":{"line":35,"column":7}}],"line":28},"2":{"loc":{"start":{"line":29,"column":8},"end":{"line":34,"column":9}},"type":"switch","locations":[{"start":{"line":30,"column":10},"end":{"line":31,"column":100}},{"start":{"line":32,"column":10},"end":{"line":33,"column":76}}],"line":29},"3":{"loc":{"start":{"line":47,"column":10},"end":{"line":49,"column":11}},"type":"if","locations":[{"start":{"line":47,"column":10},"end":{"line":49,"column":11}},{"start":{"line":47,"column":10},"end":{"line":49,"column":11}}],"line":47}},"s":{"0":2,"1":0,"2":2,"3":0,"4":2,"5":0,"6":2,"7":0,"8":0,"9":0,"10":0,"11":0,"12":0,"13":0,"14":0,"15":0,"16":0,"17":0,"18":0,"19":0,"20":0,"21":0,"22":0,"23":0,"24":0,"25":0,"26":0,"27":0,"28":0,"29":0,"30":0,"31":0,"32":0},"f":{"0":0,"1":0,"2":0,"3":0,"4":0,"5":0,"6":0,"7":0,"8":0,"9":0,"10":0,"11":0,"12":0},"b":{"0":[0],"1":[0,0],"2":[0,0],"3":[0,0]},"_coverageSchema":"43e27e138ebf9cfc5966b082cf9a028302ed4184","hash":"92f978684309fa7e163fa61d7699240f8fa154e7"}
,"D:\\project\\jsa-alexandrite-app\\src\\redux\\investment\\actionType.js": {"path":"D:\\project\\jsa-alexandrite-app\\src\\redux\\investment\\actionType.js","statementMap":{"0":{"start":{"line":1,"column":45},"end":{"line":1,"column":76}},"1":{"start":{"line":2,"column":44},"end":{"line":2,"column":74}},"2":{"start":{"line":3,"column":47},"end":{"line":3,"column":80}}},"fnMap":{},"branchMap":{},"s":{"0":4,"1":4,"2":4},"f":{},"b":{},"_coverageSchema":"43e27e138ebf9cfc5966b082cf9a028302ed4184","hash":"dc788362040eaf464d402c9af6d30a6580d8ebea"}
,"D:\\project\\jsa-alexandrite-app\\src\\redux\\investment\\reducer.js": {"path":"D:\\project\\jsa-alexandrite-app\\src\\redux\\investment\\reducer.js","statementMap":{"0":{"start":{"line":7,"column":18},"end":{"line":11,"column":1}},"1":{"start":{"line":14,"column":2},"end":{"line":36,"column":3}},"2":{"start":{"line":16,"column":6},"end":{"line":20,"column":8}},"3":{"start":{"line":22,"column":6},"end":{"line":26,"column":8}},"4":{"start":{"line":28,"column":6},"end":{"line":33,"column":8}},"5":{"start":{"line":35,"column":6},"end":{"line":35,"column":19}}},"fnMap":{"0":{"name":"(anonymous_0)","decl":{"start":{"line":13,"column":15},"end":{"line":13,"column":16}},"loc":{"start":{"line":13,"column":46},"end":{"line":37,"column":1}},"line":13}},"branchMap":{"0":{"loc":{"start":{"line":13,"column":16},"end":{"line":13,"column":33}},"type":"default-arg","locations":[{"start":{"line":13,"column":24},"end":{"line":13,"column":33}}],"line":13},"1":{"loc":{"start":{"line":14,"column":2},"end":{"line":36,"column":3}},"type":"switch","locations":[{"start":{"line":15,"column":4},"end":{"line":20,"column":8}},{"start":{"line":21,"column":4},"end":{"line":26,"column":8}},{"start":{"line":27,"column":4},"end":{"line":33,"column":8}},{"start":{"line":34,"column":4},"end":{"line":35,"column":19}}],"line":14}},"s":{"0":3,"1":4,"2":1,"3":1,"4":1,"5":1},"f":{"0":4},"b":{"0":[1],"1":[1,1,1,1]},"_coverageSchema":"43e27e138ebf9cfc5966b082cf9a028302ed4184","hash":"444570145f815244007c41070efc000aed38da64"}
,"D:\\project\\jsa-alexandrite-app\\src\\redux\\search\\actionCreator.js": {"path":"D:\\project\\jsa-alexandrite-app\\src\\redux\\search\\actionCreator.js","statementMap":{"0":{"start":{"line":5,"column":27},"end":{"line":7,"column":2}},"1":{"start":{"line":5,"column":34},"end":{"line":7,"column":1}},"2":{"start":{"line":9,"column":29},"end":{"line":12,"column":2}},"3":{"start":{"line":9,"column":43},"end":{"line":12,"column":1}},"4":{"start":{"line":14,"column":28},"end":{"line":17,"column":2}},"5":{"start":{"line":14,"column":42},"end":{"line":17,"column":1}},"6":{"start":{"line":19,"column":31},"end":{"line":39,"column":1}},"7":{"start":{"line":19,"column":42},"end":{"line":39,"column":1}},"8":{"start":{"line":20,"column":14},"end":{"line":20,"column":51}},"9":{"start":{"line":21,"column":2},"end":{"line":21,"column":44}},"10":{"start":{"line":22,"column":2},"end":{"line":22,"column":26}},"11":{"start":{"line":23,"column":2},"end":{"line":38,"column":49}},"12":{"start":{"line":25,"column":6},"end":{"line":34,"column":7}},"13":{"start":{"line":26,"column":8},"end":{"line":33,"column":9}},"14":{"start":{"line":28,"column":12},"end":{"line":28,"column":91}},"15":{"start":{"line":30,"column":12},"end":{"line":30,"column":86}},"16":{"start":{"line":32,"column":12},"end":{"line":32,"column":76}},"17":{"start":{"line":35,"column":6},"end":{"line":35,"column":29}},"18":{"start":{"line":37,"column":24},"end":{"line":37,"column":57}},"19":{"start":{"line":38,"column":20},"end":{"line":38,"column":47}}},"fnMap":{"0":{"name":"(anonymous_0)","decl":{"start":{"line":5,"column":27},"end":{"line":5,"column":28}},"loc":{"start":{"line":5,"column":34},"end":{"line":7,"column":1}},"line":5},"1":{"name":"(anonymous_1)","decl":{"start":{"line":9,"column":29},"end":{"line":9,"column":30}},"loc":{"start":{"line":9,"column":43},"end":{"line":12,"column":1}},"line":9},"2":{"name":"(anonymous_2)","decl":{"start":{"line":14,"column":28},"end":{"line":14,"column":29}},"loc":{"start":{"line":14,"column":42},"end":{"line":17,"column":1}},"line":14},"3":{"name":"(anonymous_3)","decl":{"start":{"line":19,"column":31},"end":{"line":19,"column":32}},"loc":{"start":{"line":19,"column":42},"end":{"line":39,"column":1}},"line":19},"
[...]
tart":{"line":19,"column":30},"end":{"line":19,"column":31}},"loc":{"start":{"line":19,"column":44},"end":{"line":22,"column":1}},"line":19},"2":{"name":"(anonymous_2)","decl":{"start":{"line":24,"column":33},"end":{"line":24,"column":34}},"loc":{"start":{"line":24,"column":47},"end":{"line":27,"column":1}},"line":24},"3":{"name":"(anonymous_3)","decl":{"start":{"line":29,"column":26},"end":{"line":29,"column":27}},"loc":{"start":{"line":29,"column":38},"end":{"line":47,"column":1}},"line":29},"4":{"name":"(anonymous_4)","decl":{"start":{"line":29,"column":38},"end":{"line":29,"column":39}},"loc":{"start":{"line":29,"column":52},"end":{"line":47,"column":1}},"line":29},"5":{"name":"(anonymous_5)","decl":{"start":{"line":34,"column":10},"end":{"line":34,"column":11}},"loc":{"start":{"line":34,"column":19},"end":{"line":44,"column":5}},"line":34},"6":{"name":"(anonymous_6)","decl":{"start":{"line":45,"column":10},"end":{"line":45,"column":11}},"loc":{"start":{"line":45,"column":19},"end":{"line":45,"column":58}},"line":45},"7":{"name":"(anonymous_7)","decl":{"start":{"line":46,"column":11},"end":{"line":46,"column":12}},"loc":{"start":{"line":46,"column":20},"end":{"line":46,"column":56}},"line":46},"8":{"name":"(anonymous_8)","decl":{"start":{"line":49,"column":35},"end":{"line":49,"column":36}},"loc":{"start":{"line":49,"column":42},"end":{"line":51,"column":1}},"line":49},"9":{"name":"(anonymous_9)","decl":{"start":{"line":53,"column":34},"end":{"line":53,"column":35}},"loc":{"start":{"line":53,"column":48},"end":{"line":56,"column":1}},"line":53},"10":{"name":"(anonymous_10)","decl":{"start":{"line":59,"column":37},"end":{"line":59,"column":38}},"loc":{"start":{"line":59,"column":58},"end":{"line":66,"column":1}},"line":59},"11":{"name":"(anonymous_11)","decl":{"start":{"line":68,"column":30},"end":{"line":68,"column":31}},"loc":{"start":{"line":68,"column":49},"end":{"line":90,"column":1}},"line":68},"12":{"name":"(anonymous_12)","decl":{"start":{"line":68,"column":49},"end":{"line":68,"column":50}},"loc":{"start":{"line":68,"column":63},"end":{"line":90,"column":1}},"line":68},"13":{"name":"(anonymous_13)","decl":{"start":{"line":75,"column":10},"end":{"line":75,"column":11}},"loc":{"start":{"line":75,"column":19},"end":{"line":85,"column":5}},"line":75},"14":{"name":"(anonymous_14)","decl":{"start":{"line":86,"column":10},"end":{"line":86,"column":11}},"loc":{"start":{"line":86,"column":19},"end":{"line":88,"column":5}},"line":86},"15":{"name":"(anonymous_15)","decl":{"start":{"line":89,"column":11},"end":{"line":89,"column":12}},"loc":{"start":{"line":89,"column":20},"end":{"line":89,"column":60}},"line":89},"16":{"name":"(anonymous_16)","decl":{"start":{"line":92,"column":23},"end":{"line":92,"column":24}},"loc":{"start":{"line":92,"column":30},"end":{"line":94,"column":1}},"line":92}},"branchMap":{"0":{"loc":{"start":{"line":35,"column":6},"end":{"line":42,"column":7}},"type":"if","locations":[{"start":{"line":35,"column":6},"end":{"line":42,"column":7}},{"start":{"line":35,"column":6},"end":{"line":42,"column":7}}],"line":35},"1":{"loc":{"start":{"line":36,"column":8},"end":{"line":41,"column":9}},"type":"switch","locations":[{"start":{"line":37,"column":10},"end":{"line":38,"column":87}},{"start":{"line":39,"column":10},"end":{"line":40,"column":76}}],"line":36},"2":{"loc":{"start":{"line":76,"column":6},"end":{"line":83,"column":7}},"type":"if","locations":[{"start":{"line":76,"column":6},"end":{"line":83,"column":7}},{"start":{"line":76,"column":6},"end":{"line":83,"column":7}}],"line":76},"3":{"loc":{"start":{"line":77,"column":8},"end":{"line":82,"column":9}},"type":"switch","locations":[{"start":{"line":78,"column":10},"end":{"line":79,"column":87}},{"start":{"line":80,"column":10},"end":{"line":81,"column":76}}],"line":77}},"s":{"0":1,"1":0,"2":1,"3":0,"4":1,"5":0,"6":1,"7":0,"8":0,"9":0,"10":0,"11":0,"12":0,"13":0,"14":0,"15":0,"16":0,"17":0,"18":0,"19":1,"20":0,"21":1,"22":0,"23":1,"24":0,"25":0,"26":1,"27":0,"28":0,"29":0,"30":0,"31":0,"32":0,"33":0,"34":0,"35":0,"36":0,"37":0,"38":0,"39":0,"40":0,"41":1,"42":0},"f":{"0":0,"1":0,"2":0,"3":0,"4":0,"5":0,"6":0,"7":0,"8":0,"9":0,"10":0,"11":0,"12":0,"13":0,"14":0,"15":0,"16":0},"b":{"0":[0,0],"1":[0,0],"2":[0,0],"3":[0,0]},"_coverageSchema":"43e27e138ebf9cfc5966b082cf9a028302ed4184","hash":"5c55ed8826d8b5909cee8d9f37ac3312824553a5"}
,"D:\\project\\jsa-alexandrite-app\\src\\redux\\stock\\actionType.js": {"path":"D:\\project\\jsa-alexandrite-app\\src\\redux\\stock\\actionType.js","statementMap":{"0":{"start":{"line":1,"column":41},"end":{"line":1,"column":68}},"1":{"start":{"line":2,"column":40},"end":{"line":2,"column":66}},"2":{"start":{"line":3,"column":43},"end":{"line":3,"column":72}},"3":{"start":{"line":4,"column":46},"end":{"line":4,"column":78}},"4":{"start":{"line":5,"column":48},"end":{"line":5,"column":82}},"5":{"start":{"line":6,"column":45},"end":{"line":6,"column":76}},"6":{"start":{"line":7,"column":32},"end":{"line":7,"column":50}}},"fnMap":{},"branchMap":{},"s":{"0":3,"1":3,"2":3,"3":3,"4":3,"5":3,"6":3},"f":{},"b":{},"_coverageSchema":"43e27e138ebf9cfc5966b082cf9a028302ed4184","hash":"54734321471fdfd09a8a4ce8cb09bcfb5c192d65"}
,"D:\\project\\jsa-alexandrite-app\\src\\redux\\stock\\reducer.js": {"path":"D:\\project\\jsa-alexandrite-app\\src\\redux\\stock\\reducer.js","statementMap":{"0":{"start":{"line":11,"column":18},"end":{"line":18,"column":1}},"1":{"start":{"line":21,"column":2},"end":{"line":63,"column":3}},"2":{"start":{"line":23,"column":6},"end":{"line":26,"column":8}},"3":{"start":{"line":28,"column":6},"end":{"line":32,"column":8}},"4":{"start":{"line":34,"column":6},"end":{"line":38,"column":8}},"5":{"start":{"line":40,"column":6},"end":{"line":44,"column":8}},"6":{"start":{"line":46,"column":6},"end":{"line":52,"column":8}},"7":{"start":{"line":54,"column":6},"end":{"line":58,"column":8}},"8":{"start":{"line":60,"column":6},"end":{"line":60,"column":23}},"9":{"start":{"line":62,"column":6},"end":{"line":62,"column":19}}},"fnMap":{"0":{"name":"(anonymous_0)","decl":{"start":{"line":20,"column":15},"end":{"line":20,"column":16}},"loc":{"start":{"line":20,"column":46},"end":{"line":64,"column":1}},"line":20}},"branchMap":{"0":{"loc":{"start":{"line":20,"column":16},"end":{"line":20,"column":33}},"type":"default-arg","locations":[{"start":{"line":20,"column":24},"end":{"line":20,"column":33}}],"line":20},"1":{"loc":{"start":{"line":21,"column":2},"end":{"line":63,"column":3}},"type":"switch","locations":[{"start":{"line":22,"column":4},"end":{"line":26,"column":8}},{"start":{"line":27,"column":4},"end":{"line":32,"column":8}},{"start":{"line":33,"column":4},"end":{"line":38,"column":8}},{"start":{"line":39,"column":4},"end":{"line":44,"column":8}},{"start":{"line":45,"column":4},"end":{"line":52,"column":8}},{"start":{"line":53,"column":4},"end":{"line":58,"column":8}},{"start":{"line":59,"column":4},"end":{"line":60,"column":23}},{"start":{"line":61,"column":4},"end":{"line":62,"column":19}}],"line":21}},"s":{"0":3,"1":8,"2":1,"3":1,"4":1,"5":1,"6":1,"7":1,"8":1,"9":1},"f":{"0":8},"b":{"0":[1],"1":[1,1,1,1,1,1,1,1]},"_coverageSchema":"43e27e138ebf9cfc5966b082cf9a028302ed4184","hash":"4105ceaf10ab4c38e4ccd72b1d125df117bb74b4"}
,"D:\\project\\jsa-alexandrite-app\\src\\redux\\watchList\\actionCreator.js": {"path":"D:\\project\\jsa-alexandrite-app\\src\\redux\\watchList\\actionCreator.js","statementMap":{"0":{"start":{"line":13,"column":41},"end":{"line":13,"column":68}},"1":{"start":{"line":15,"column":30},"end":{"line":17,"column":2}},"2":{"start":{"line":15,"column":37},"end":{"line":17,"column":1}},"3":{"start":{"line":19,"column":29},"end":{"line":22,"column":2}},"4":{"start":{"line":19,"column":43},"end":{"line":22,"column":1}},"5":{"start":{"line":24,"column":31},"end":{"line":27,"column":2}},"6":{"start":{"line":24,"column":45},"end":{"line":27,"column":1}},"7":{"start":{"line":29,"column":38},"end":{"line":35,"column":2}},"8":{"start":{"line":29,"column":64},"end":{"line":35,"column":1}},"9":{"start":{"line":37,"column":35},"end":{"line":39,"column":2}},"10":{"start":{"line":37,"column":42},"end":{"line":39,"column":1}},"11":{"start":{"line":41,"column":37},"end":{"line":44,"column":2}},"12":{"start":{"line":41,"column":51},"end":{"line":44,"column":1}},"13":{"start":{"line":46,"column":34},"end":{"line":49,"column":2}},"14":{"start":{"line":46,"column":48},"end":{"line":49,"column":1}},"15":{"start":{"line":51,"column":37},"end":{"line":83,"column":1}},"16":{"start":{"line":51,"column":43},"end":{"line":83,"column":1}},"17":{"start":{"line":52,"column":18},"end":{"line":59,"column":9}},"18":{"start":{"line":57,"column":26},"end":{"line":57,"column":81}},"19":{"start":{"line":57,"column":73},"end":{"line":57,"column":79}},"20":{"start":{"line":60,"column":2},"end":{"line":60,"column":30}},"21":{"start":{"line":60,"column":23},"end":{"line":60,"column":30}},"22":{"start":{"line":61,"column":14},"end":{"line":61,"column":54}},"23":{"start":{"line":62,"column":2},"end":{"line":62,"column":44}},"24":{"start":{"line":63,"column":2},"end":{"line":63,"column":46}},"25":{"start":{"line":64,"column":2},"end":{"line":64,"column":44}},"26":{"start":{"line":65,"column":2},"end":{"line":65,"column":50}},"27":{"start":{"line":66,"column":2},"end":{"line":66,"column":41}},"28":{"start":{"line":67,"column":2},"end":{"line":82,"column":62}},"29":{"start":{"line":69,"column":6},"end":{"line":76,"column":7}},"30":{"start":{"line":70,"column":8},"end":{"line":75,"column":9}},"31":{"start":{"line":72,"column":12},"end":{"line":72,"column":88}},"32":{"start":{"line":74,"column":12},"end":{"line":74,"column":76}},"33":{"start":{"line":77,"column":6},"end":{"line":77,"column":24}},"34":{"start":{"line":80,"column":6},"end":{"line":80,"column":50}},"35":{"start":{"line":82,"column":20},"end":{"line":82,"column":60}},"36":{"start":{"line":85,"column":35},"end":{"line":99,"column":1}},"37":{"start":{"line":85,"column":60},"end":{"line":99,"column":1}},"38":{"start":{"line":86,"column":2},"end":{"line":97,"column":5}},"39":{"start":{"line":98,"column":2},"end":{"line":98,"column":36}}},"fnMap":{"0":{"name":"(anonymous_0)","decl":{"start":{"line":15,"column":30},"end":{"line":15,"column":31}},"loc":{"start":{"line":15,"column":37},"end":{"line":17,"column":1}},"line":15},"1":{"name":"(anonymous_1)","decl":{"start":{"line":19,"column":29},"end":{"line":19,"column":30}},"loc":{"start":{"line":19,"column":43},"end":{"line":22,"column":1}},"line":19},"2":{"name":"(anonymous_2)","decl":{"start":{"line":24,"column":31},"end":{"line":24,"column":32}},"loc":{"start":{"line":24,"column":45},"end":{"line":27,"column":1}},"line":24},"3":{"name":"(anonymous_3)","decl":{"start":{"line":29,"column":38},"end":{"line":29,"column":39}},"loc":{"start":{"line":29,"column":64},"end":{"line":35,"column":1}},"line":29},"4":{"name":"(anonymous_4)","decl":{"start":{"line":37,"column":35},"end":{"line":37,"column":36}},"loc":{"start":{"line":37,"column":42},"end":{"line":39,"column":1}},"line":37},"5":{"name":"(anonymous_5)","decl":{"start":{"line":41,"column":37},"end":{"line":41,"column":38}},"loc":{"start":{"line":41,"column":51},"end":{"line":44,"column":1}},"line":41},"6":{"name":"(anonymous_6)","decl":{"start":{"line":46,"column":34},"end":{"line":46,"column":35}},"loc":{"start":{"line":46,"column":48},"end":{"line":49,"column":1}},"line":46},"7":{"name":"(anonymous_7)","decl":{"start":{"line":51,"column":37},"end":{"line":51,"column":38}},"loc":{"start":{"line":51,"column":43},"end":{"line":83,"column":1}},"line":51},"8":{"name":"(anonymous_8)","decl":{"start":{"line":51,"column":43},"end":{"line":51,"column":44}},"loc":{"start":{"line":51,"column":67},"end":{"line":83,"column":1}},"line":51},"9":{"name":"(anonymous_9)","decl":{"start":{"line":57,"column":8},"end":{"line":57,"column":9}},"loc":{"start":{"line":57,"column":26},"end":{"line":57,"column":81}},"line":57},"10":{"name":"(anonymous_10)","decl":{"start":{"line":57,"column":57},"end":{"line":57,"column":58}},"loc":{"start":{"line":57,"column":73},"end":{"line":57,"column":79}},"line":57},"11":{"name":"(anonymous_11)","decl":{"start":{"line":68,"column":10},"end":{"line":68,"column":11}},"loc":{"start":{"line":68,"column":19},"end":{"line":78,"column":5}},"line":68},"12":{"name":"(anonymous_12)","decl":{"start":{"line":79,"column":10},"end":{"line":79,"column":11}},"loc":{"start":{"line":79,"column":19},"end":{"line":81,"column":5}},"line":79},"13":{"name":"(anonymous_13)","decl":{"start":{"line":82,"column":11},"end":{"line":82,"column":12}},"loc":{"start":{"line":82,"column":20},"end":{"line":82,"column":60}},"line":82},"14":{"name":"(anonymous_14)","decl":{"start":{"line":85,"column":35},"end":{"line":85,"column":36}},"loc":{"start":{"line":85,"column":60},"end":{"line":99,"column":1}},"line":85},"15":{"name":"(anonymous_15)","decl":{"start":{"line":85,"column":60},"end":{"line":85,"column":61}},"loc":{"start":{"line":85,"column":74},"end":{"line":99,"column":1}},"line":85}},"branchMap":{"0":{"loc":{"start":{"line":60,"column":2},"end":{"line":60,"column":30}},"type":"if","locations":[{"start":{"line":60,"column":2},"end":{"line":60,"column":30}},{"start":{"line":60,"column":2},"end":{"line":60,"column":30}}],"line":60},"1":{"loc":{"start":{"line":69,"column":6},"end":{"line":76,"column":7}},"type":"if","locations":[{"start":{"line":69,"column":6},"end":{"line":76,"column":7}},{"start":{"line":69,"column":6},"end":{"line":76,"column":7}}],"line":69},"2":{"loc":{"start":{"line":70,"column":8},"end":{"line":75,"column":9}},"type":"switch","locations":[{"start":{"line":71,"column":10},"end":{"line":72,"column":88}},{"start":{"line":73,"column":10},"end":{"line":74,"column":76}}],"line":70}},"s":{"0":3,"1":3,"2":0,"3":3,"4":0,"5":3,"6":0,"7":3,"8":0,"9":3,"10":0,"11":3,"12":0,"13":3,"14":0,"15":3,"16":0,"17":0,"18":0,"19":0,"20":0,"21":0,"22":0,"23":0,"24":0,"25":0,"26":0,"27":0,"28":0,"29":0,"30":0,"31":0,"32":0,"33":0,"34":0,"35":0,"36":3,"37":0,"38":0,"39":0},"f":{"0":0,"1":0,"2":0,"3":0,"4":0,"5":0,"6":0,"7":0,"8":0,"9":0,"10":0,"11":0,"12":0,"13":0,"14":0,"15":0},"b":{"0":[0,0],"1":[0,0],"2":[0,0]},"_coverageSchema":"43e27e138ebf9cfc5966b082cf9a028302ed4184","hash":"63041b331820dc46087e9cbb6a4e40d3357897ab"}
,"D:\\project\\jsa-alexandrite-app\\src\\redux\\watchList\\actionType.js": {"path":"D:\\project\\jsa-alexandrite-app\\src\\redux\\watchList\\actionType.js","statementMap":{"0":{"start":{"line":1,"column":39},"end":{"line":1,"column":64}},"1":{"start":{"line":2,"column":38},"end":{"line":2,"column":62}},"2":{"start":{"line":3,"column":32},"end":{"line":3,"column":50}},"3":{"start":{"line":4,"column":38},"end":{"line":4,"column":62}},"4":{"start":{"line":5,"column":40},"end":{"line":5,"column":67}},"5":{"start":{"line":6,"column":45},"end":{"line":6,"column":76}},"6":{"start":{"line":7,"column":47},"end":{"line":7,"column":80}},"7":{"start":{"line":8,"column":44},"end":{"line":8,"column":74}}},"fnMap":{},"branchMap":{},"s":{"0":5,"1":5,"2":5,"3":5,"4":5,"5":5,"6":5,"7":5},"f":{},"b":{},"_coverageSchema":"43e27e138ebf9cfc5966b082cf9a028302ed4184","hash":"0366f35ad42650281f69c049d65615d4d9a9628d"}
,"D:\\project\\jsa-alexandrite-app\\src\\redux\\watchList\\reducer.js": {"path":"D:\\project\\jsa-alexandrite-app\\src\\redux\\watchList\\reducer.js","statementMap":{"0":{"start":{"line":14,"column":21},"end":{"line":19,"column":1}},"1":{"start":{"line":22,"column":2},"end":{"line":97,"column":3}},"2":{"start":{"line":24,"column":6},"end":{"line":24,"column":19}},"3":{"start":{"line":26,"column":6},"end":{"line":36,"column":8}},"4":{"start":{"line":38,"column":6},"end":{"line":41,"column":8}},"5":{"start":{"line":40,"column":54},"end":{"line":40,"column":80}},"6":{"start":{"line":43,"column":6},"end":{"line":54,"column":8}},"7":{"start":{"line":46,"column":10},"end":{"line":53,"column":23}},"8":{"start":{"line":49,"column":55},"end":{"line":49,"column":99}},"9":{"start":{"line":56,"column":6},"end":{"line":65,"column":8}},"10":{"start":{"line":59,"column":10},"end":{"line":64,"column":23}},"11":{"start":{"line":67,"column":6},"end":{"line":70,"column":8}},"12":{"start":{"line":72,"column":6},"end":{"line":88,"column":8}},"13":{"start":{"line":76,"column":50},"end":{"line":87,"column":9}},"14":{"start":{"line":78,"column":58},"end":{"line":86,"column":11}},"15":{"start":{"line":90,"column":6},"end":{"line":94,"column":8}},"16":{"start":{"line":96,"column":6},"end":{"line":96,"column":19}}},"fnMap":{"0":{"name":"(anonymous_0)","decl":{"start":{"line":21,"column":15},"end":{"line":21,"column":16}},"loc":{"start":{"line":21,"column":49},"end":{"line":98,"column":1}},"line":21},"1":{"name":"(anonymous_1)","decl":{"start":{"line":40,"column":44},"end":{"line":40,"column":45}},"loc":{"start":{"line":40,"column":54},"end":{"line":40,"column":80}},"line":40},"2":{"name":"(anonymous_2)","decl":{"start":{"line":45,"column":41},"end":{"line":45,"column":42}},"loc":{"start":{"line":46,"column":10},"end":{"line":53,"column":23}},"line":46},"3":{"name":"(anonymous_3)","decl":{"start":{"line":49,"column":44},"end":{"line":49,"column":45}},"loc":{"start":{"line":49,"column":55},"end":{"line":49,"column":99}},"line":49},"4":{"name":"(anonymous_4)","decl":{"start":{"line":58,"column":41},"end":{"line":58,"column":42}},"loc":{"start":{"line":59,"column":10},"end":{"line":64,"column":23}},"line":59},"5":{"name":"(anonymous_5)","decl":{"start":{"line":76,"column":41},"end":{"line":76,"column":42}},"loc":{"start":{"line":76,"column":50},"end":{"line":87,"column":9}},"line":76},"6":{"name":"(anonymous_6)","decl":{"start":{"line":78,"column":32},"end":{"line":78,"column":33}},"loc":{"start":{"line":78,"column":58},"end":{"line":86,"column":11}},"line":78}},"branchMap":{"0":{"loc":{"start":{"line":21,"column":16},"end":{"line":21,"column":36}},"type":"default-arg","locations":[{"start":{"line":21,"column":24},"end":{"line":21,"column":36}}],"line":21},"1":{"loc":{"start":{"line":22,"column":2},"end":{"line":97,"column":3}},"type":"switch","locations":[{"start":{"line":23,"column":4},"end":{"line":24,"column":19}},{"start":{"line":25,"column":4},"end":{"line":36,"column":8}},{"start":{"line":37,"column":4},"end":{"line":41,"column":8}},{"start":{"line":42,"column":4},"end":{"line":54,"column":8}},{"start":{"line":55,"column":4},"end":{"line":65,"column":8}},{"start":{"line":66,"column":4},"end":{"line":70,"column":8}},{"start":{"line":71,"column":4},"end":{"line":88,"column":8}},{"start":{"line":89,"column":4},"end":{"line":94,"column":8}},{"start":{"line":95,"column":4},"end":{"line":96,"column":19}}],"line":22},"2":{"loc":{"start":{"line":46,"column":10},"end":{"line":53,"column":23}},"type":"cond-expr","locations":[{"start":{"line":47,"column":15},"end":{"line":52,"column":13}},{"start":{"line":53,"column":14},"end":{"line":53,"column":23}}],"line":46},"3":{"loc":{"start":{"line":49,"column":22},"end":{"line":51,"column":61}},"type":"cond-expr","locations":[{"start":{"line":50,"column":18},"end":{"line":50,"column":34}},{"start":{"line":51,"column":18},"end":{"line":51,"column":61}}],"line":49},"4":{"loc":{"start":{"line":59,"column":10},"end":{"line":64,"column":23}},"type":"cond-expr","locations":[{"start":{"line":60,"column":14},"end":{"line":63,"column":13}},{"start":{"line":64,"column":14},"end":{"line":64,"column":23}}],"line":59},"5":{"loc":{"start":{"line":81,"column":16},"end":{"line":85,"column":13}},"type":"binary-expr","locations":[{"start":{"line":81,"column":16},"end":{"line":81,"column":38}},{"start":{"line":81,"column":42},"end":{"line":85,"column":13}}],"line":81}},"s":{"0":3,"1":10,"2":1,"3":1,"4":1,"5":1,"6":2,"7":3,"8":2,"9":1,"10":2,"11":1,"12":1,"13":1,"14":1,"15":1,"16":1},"f":{"0":10,"1":1,"2":3,"3":2,"4":2,"5":1,"6":1},"b":{"0":[1],"1":[1,1,1,2,1,1,1,1,1],"2":[2,1],"3":[1,1],"4":[1,1],"5":[1,1]},"_coverageSchema":"43e27e138ebf9cfc5966b082cf9a028302ed4184","hash":"1062a9c5d874b9a50c0cc70ad5dab8076864cced"}
}
