TN:
SF:D:\project\jsa-alexandrite-app\src\App.jsx
FN:9,(anonymous_0)
FNF:1
FNH:1
FNDA:1,(anonymous_0)
DA:9,1
DA:10,1
LF:2
LH:2
BRF:0
BRH:0
end_of_record
TN:
SF:D:\project\jsa-alexandrite-app\src\store.js
FNF:0
FNH:0
DA:10,2
DA:17,2
DA:23,2
DA:25,2
DA:30,2
LF:5
LH:5
BRF:0
BRH:0
end_of_record
TN:
SF:D:\project\jsa-alexandrite-app\src\Account\index.jsx
FN:5,(anonymous_0)
FNF:1
FNH:1
FNDA:2,(anonymous_0)
DA:6,2
LF:1
LH:1
BRF:0
BRH:0
end_of_record
TN:
SF:D:\project\jsa-alexandrite-app\src\Account\styles.js
FNF:0
FNH:0
LF:0
LH:0
BRF:0
BRH:0
end_of_record
TN:
SF:D:\project\jsa-alexandrite-app\src\Investments\PortfolioValue.jsx
FN:14,(anonymous_0)
FN:19,(anonymous_1)
FN:22,(anonymous_2)
FNF:3
FNH:2
FNDA:6,(anonymous_0)
FNDA:0,(anonymous_1)
FNDA:5,(anonymous_2)
DA:19,6
DA:20,6
DA:22,6
DA:23,5
DA:26,6
LF:5
LH:5
BRDA:32,0,0,5
BRDA:32,0,1,1
BRDA:34,1,0,5
BRDA:34,1,1,1
BRDA:35,2,0,5
BRDA:35,2,1,4
BRDA:35,2,2,4
BRF:7
BRH:7
end_of_record
TN:
SF:D:\project\jsa-alexandrite-app\src\Investments\index.jsx
FN:9,(anonymous_0)
FN:12,(anonymous_1)
FNF:2
FNH:2
FNDA:1,(anonymous_0)
FNDA:2,(anonymous_1)
DA:7,2
DA:9,1
DA:12,2
DA:13,2
DA:18,2
LF:5
LH:5
BRF:0
BRH:0
end_of_record
TN:
SF:D:\project\jsa-alexandrite-app\src\Investments\styles.js
FNF:0
FNH:0
LF:0
LH:0
BRF:0
BRH:0
end_of_record
TN:
SF:D:\project\jsa-alexandrite-app\src\Playground\index.jsx
FN:7,(anonymous_0)
FN:12,(anonymous_1)
FN:13,(anonymous_2)
FNF:3
FNH:0
FNDA:0,(anonymous_0)
FNDA:0,(anonymous_1)
FNDA:0,(anonymous_2)
DA:7,1
DA:8,0
DA:9,0
DA:12,0
DA:13,0
DA:18,1
LF:6
LH:2
BRF:0
BRH:0
end_of_record
TN:
SF:D:\project\jsa-alexandrite-app\src\Search\HeaderBar.jsx
FN:12,(anonymous_0)
FN:22,(anonymous_1)
FNF:2
FNH:2
FNDA:3,(anonymous_0)
FNDA:1,(anonymous_1)
DA:13,3
DA:14,3
DA:16,3
DA:22,1
LF:4
LH:4
BRF:0
BRH:0
end_of_record
TN:
SF:D:\project\jsa-alexandrite-app\src\Search\Result.jsx
FN:12,(anonymous_0)
FN:18,(anonymous_1)
FN:31,(anonymous_2)
FN:37,(anonymous_3)
FNF:4
FNH:3
FNDA:9,(anonymous_0)
FNDA:0,(anonymous_1)
FNDA:1,(anonymous_2)
FNDA:1,(anonymous_3)
DA:18,9
DA:20,9
DA:21,1
DA:23,8
DA:32,1
DA:37,1
LF:6
LH:6
BRDA:20,0,0,1
BRDA:20,0,1,8
BRDA:20,1,0,9
BRDA:20,1,1,1
BRDA:25,2,0,7
BRDA:25,2,1,1
BRDA:27,3,0,7
BRDA:27,3,1,1
BRDA:28,4,0,7
BRDA:28,4,1,6
BRDA:28,4,2,6
BRF:11
BRH:11
end_of_record
TN:
SF:D:\project\jsa-alexandrite-app\src\Search\ResultItem.jsx
FN:15,(anonymous_0)
FN:30,(anonymous_1)
FNF:2
FNH:2
FNDA:3,(anonymous_0)
FNDA:1,(anonymous_1)
DA:15,4
DA:16,3
DA:17,3
DA:30,1
DA:41,4
LF:5
LH:5
BRF:0
BRH:0
end_of_record
TN:
SF:D:\project\jsa-alexandrite-app\src\Search\SearchBarInput.jsx
FN:10,(anonymous_0)
FN:15,(anonymous_1)
FN:18,(anonymous_2)
FN:22,(anonymous_3)
FNF:4
FNH:4
FNDA:6,(anonymous_0)
FNDA:5,(anonymous_1)
FNDA:1,(anonymous_2)
FNDA:4,(anonymous_3)
DA:10,3
DA:14,6
DA:15,6
DA:17,5
DA:18,1
DA:19,1
DA:22,5
DA:23,4
DA:27,6
DA:39,3
LF:10
LH:10
BRDA:17,0,0,1
BRDA:17,0,1,4
BRDA:23,1,0,1
BRDA:23,1,1,3
BRF:4
BRH:4
end_of_record
TN:
SF:D:\project\jsa-alexandrite-app\src\Search\index.jsx
FN:6,(anonymous_0)
FN:9,(anonymous_1)
FNF:2
FNH:2
FNDA:1,(anonymous_0)
FNDA:2,(anonymous_1)
DA:5,2
DA:6,1
DA:9,2
DA:10,2
DA:13,2
LF:5
LH:5
BRF:0
BRH:0
end_of_record
TN:
SF:D:\project\jsa-alexandrite-app\src\Search\styles.js
FNF:0
FNH:0
LF:0
LH:0
BRDA:6,0,0,6
BRDA:6,0,1,0
BRF:2
BRH:1
end_of_record
TN:
SF:D:\project\jsa-alexandrite-app\src\StockDetails\Performance.jsx
FN:15,(anonymous_0)
FN:22,(anonymous_1)
FN:24,(anonymous_2)
FN:29,(anonymous_3)
FN:29,(anonymous_4)
FNF:5
FNH:0
FNDA:0,(anonymous_0)
FNDA:0,(anonymous_1)
FNDA:0,(anonymous_2)
FNDA:0,(anonymous_3)
FNDA:0,(anonymous_4)
DA:15,1
DA:16,0
DA:17,0
DA:22,0
DA:24,0
DA:25,0
DA:28,0
DA:29,0
DA:33,0
DA:51,1
LF:10
LH:2
BRDA:35,0,0,0
BRDA:35,0,1,0
BRDA:37,1,0,0
BRDA:37,1,1,0
BRDA:38,2,0,0
BRDA:38,2,1,0
BRDA:38,2,2,0
BRF:7
BRH:0
end_of_record
TN:
SF:D:\project\jsa-alexandrite-app\src\StockDetails\Stats.jsx
FN:16,(anonymous_0)
FN:23,(anonymous_1)
FN:29,(anonymous_2)
FN:31,(anonymous_3)
FNF:4
FNH:0
FNDA:0,(anonymous_0)
FNDA:0,(anonymous_1)
FNDA:0,(anonymous_2)
FNDA:0,(anonymous_3)
DA:16,1
DA:17,0
DA:23,1
DA:24,0
DA:29,0
DA:31,0
DA:32,0
DA:35,0
DA:69,1
LF:9
LH:3
BRDA:37,0,0,0
BRDA:37,0,1,0
BRDA:39,1,0,0
BRDA:39,1,1,0
BRDA:40,2,0,0
BRDA:40,2,1,0
BRDA:40,2,2,0
BRF:7
BRH:0
end_of_record
TN:
SF:D:\project\jsa-alexandrite-app\src\StockDetails\WatchlistPickerPopup.jsx
FN:8,(anonymous_0)
FN:9,(anonymous_1)
FN:12,(anonymous_2)
FN:12,(anonymous_3)
FN:25,(anonymous_4)
FN:36,(anonymous_5)
FN:39,(anonymous_6)
FNF:7
FNH:0
FNDA:0,(anonymous_0)
FNDA:0,(anonymous_1)
FNDA:0,(anonymous_2)
FNDA:0,(anonymous_3)
FNDA:0,(anonymous_4)
FNDA:0,(anonymous_5)
FNDA:0,(anonymous_6)
DA:8,1
DA:9,0
DA:10,0
DA:11,0
DA:12,0
DA:13,0
DA:19,0
DA:26,0
DA:27,0
DA:36,0
DA:40,0
DA:50,1
LF:12
LH:2
BRDA:14,0,0,0
BRDA:14,0,1,0
BRDA:26,1,0,0
BRDA:26,1,1,0
BRDA:31,2,0,0
BRDA:31,2,1,0
BRF:6
BRH:0
end_of_record
TN:
SF:D:\project\jsa-alexandrite-app\src\StockDetails\index.jsx
FN:14,(anonymous_0)
FN:18,(anonymous_1)
FN:19,(anonymous_2)
FN:34,(anonymous_3)
FN:40,(anonymous_4)
FN:46,(anonymous_5)
FNF:6
FNH:4
FNDA:4,(anonymous_0)
FNDA:0,(anonymous_1)
FNDA:2,(anonymous_2)
FNDA:0,(anonymous_3)
FNDA:1,(anonymous_4)
FNDA:1,(anonymous_5)
DA:14,2
DA:15,4
DA:16,4
DA:17,4
DA:18,4
DA:19,4
DA:20,2
DA:26,4
DA:27,4
DA:34,0
DA:40,2
DA:47,1
DA:48,1
LF:13
LH:12
BRF:0
BRH:0
end_of_record
TN:
SF:D:\project\jsa-alexandrite-app\src\StockDetails\style.js
FNF:0
FNH:0
LF:0
LH:0
BRF:0
BRH:0
end_of_record
TN:
SF:D:\project\jsa-alexandrite-app\src\StockDetails\charts\ChartTimeRangeButton.jsx
FN:9,(anonymous_0)
FN:17,(anonymous_1)
FNF:2
FNH:0
FNDA:0,(anonymous_0)
FNDA:0,(anonymous_1)
DA:9,1
DA:10,0
DA:17,0
DA:30,1
DA:36,1
LF:5
LH:3
BRDA:13,0,0,0
BRDA:13,0,1,0
BRDA:22,1,0,0
BRDA:22,1,1,0
BRF:4
BRH:0
end_of_record
TN:
SF:D:\project\jsa-alexandrite-app\src\StockDetails\charts\PerformanceChart.jsx
FN:17,(anonymous_0)
FN:20,(anonymous_1)
FN:32,(anonymous_2)
FN:37,(anonymous_3)
FNF:4
FNH:0
FNDA:0,(anonymous_0)
FNDA:0,(anonymous_1)
FNDA:0,(anonymous_2)
FNDA:0,(anonymous_3)
DA:9,1
DA:17,0
DA:20,1
DA:21,0
DA:22,0
DA:23,0
DA:24,0
DA:32,0
DA:38,0
DA:46,1
LF:10
LH:3
BRDA:37,0,0,0
BRDA:38,1,0,0
BRDA:38,1,1,0
BRF:3
BRH:0
end_of_record
TN:
SF:D:\project\jsa-alexandrite-app\src\StockDetails\charts\TimeRangeSelector.jsx
FN:10,(anonymous_0)
FN:12,(anonymous_1)
FN:19,(anonymous_2)
FNF:3
FNH:0
FNDA:0,(anonymous_0)
FNDA:0,(anonymous_1)
FNDA:0,(anonymous_2)
DA:10,1
DA:11,0
DA:13,0
DA:14,0
DA:19,0
DA:26,1
LF:6
LH:2
BRF:0
BRH:0
end_of_record
TN:
SF:D:\project\jsa-alexandrite-app\src\Watchlists\EditButton.jsx
FN:7,(anonymous_0)
FN:9,(anonymous_1)
FNF:2
FNH:2
FNDA:14,(anonymous_0)
FNDA:1,(anonymous_1)
DA:7,4
DA:8,14
DA:9,1
DA:15,4
LF:4
LH:4
BRF:0
BRH:0
end_of_record
TN:
SF:D:\project\jsa-alexandrite-app\src\Watchlists\EditControls.jsx
FN:11,(anonymous_0)
FN:18,(anonymous_1)
FN:40,(anonymous_2)
FNF:3
FNH:2
FNDA:4,(anonymous_0)
FNDA:0,(anonymous_1)
FNDA:1,(anonymous_2)
DA:11,4
DA:18,4
DA:20,4
DA:40,1
DA:48,4
LF:5
LH:5
BRF:0
BRH:0
end_of_record
TN:
SF:D:\project\jsa-alexandrite-app\src\Watchlists\EditFooter.jsx
FN:6,(anonymous_0)
FNF:1
FNH:1
FNDA:12,(anonymous_0)
DA:6,3
DA:12,12
DA:25,3
LF:3
LH:3
BRDA:12,0,0,1
BRDA:12,0,1,11
BRF:2
BRH:2
end_of_record
TN:
SF:D:\project\jsa-alexandrite-app\src\Watchlists\EditModeWatchListItem.jsx
FN:9,WatchListItem
FNF:1
FNH:1
FNDA:2,WatchListItem
DA:14,2
DA:34,2
LF:2
LH:2
BRDA:21,0,0,1
BRDA:21,0,1,1
BRDA:22,1,0,1
BRDA:22,1,1,1
BRF:4
BRH:4
end_of_record
TN:
SF:D:\project\jsa-alexandrite-app\src\Watchlists\WatchList.jsx
FN:19,Watchlist
FN:22,(anonymous_1)
FN:25,(anonymous_2)
FN:26,(anonymous_3)
FN:29,handleClick
FN:33,selectItem
FN:39,(anonymous_6)
FN:42,(anonymous_7)
FN:46,(anonymous_8)
FN:52,(anonymous_9)
FN:63,(anonymous_10)
FN:65,(anonymous_11)
FN:99,(anonymous_12)
FN:105,(anonymous_13)
FNF:14
FNH:5
FNDA:10,Watchlist
FNDA:6,(anonymous_1)
FNDA:4,(anonymous_2)
FNDA:2,(anonymous_3)
FNDA:0,handleClick
FNDA:0,selectItem
FNDA:0,(anonymous_6)
FNDA:0,(anonymous_7)
FNDA:0,(anonymous_8)
FNDA:0,(anonymous_9)
FNDA:0,(anonymous_10)
FNDA:0,(anonymous_11)
FNDA:6,(anonymous_12)
FNDA:0,(anonymous_13)
DA:20,10
DA:21,10
DA:22,10
DA:23,10
DA:25,10
DA:26,4
DA:30,0
DA:34,0
DA:35,0
DA:36,0
DA:39,10
DA:40,0
DA:42,0
DA:46,10
DA:52,0
DA:63,10
DA:65,0
DA:80,10
DA:82,10
DA:100,6
DA:105,0
DA:131,2
LF:22
LH:13
BRDA:90,0,0,10
BRDA:90,0,1,0
BRDA:95,1,0,10
BRDA:95,1,1,10
BRDA:97,2,0,4
BRDA:97,2,1,6
BRDA:100,3,0,0
BRDA:100,3,1,6
BRF:8
BRH:6
end_of_record
TN:
SF:D:\project\jsa-alexandrite-app\src\Watchlists\WatchListItem.jsx
FN:14,WatchListItem
FN:53,(anonymous_1)
FNF:2
FNH:2
FNDA:3,WatchListItem
FNDA:1,(anonymous_1)
DA:20,3
DA:21,3
DA:53,1
DA:65,2
LF:4
LH:4
BRDA:34,0,0,2
BRDA:34,0,1,1
BRF:2
BRH:2
end_of_record
TN:
SF:D:\project\jsa-alexandrite-app\src\Watchlists\index.jsx
FN:24,(anonymous_0)
FN:27,(anonymous_1)
FN:35,(anonymous_2)
FN:38,(anonymous_3)
FN:44,(anonymous_4)
FN:48,(anonymous_5)
FN:53,(anonymous_6)
FN:62,(anonymous_7)
FN:70,(anonymous_8)
FN:71,(anonymous_9)
FN:86,(anonymous_10)
FN:90,(anonymous_11)
FNF:12
FNH:6
FNDA:0,(anonymous_0)
FNDA:6,(anonymous_1)
FNDA:0,(anonymous_2)
FNDA:3,(anonymous_3)
FNDA:3,(anonymous_4)
FNDA:0,(anonymous_5)
FNDA:0,(anonymous_6)
FNDA:5,(anonymous_7)
FNDA:4,(anonymous_8)
FNDA:4,(anonymous_9)
FNDA:0,(anonymous_10)
FNDA:0,(anonymous_11)
DA:20,2
DA:22,2
DA:24,0
DA:27,2
DA:28,6
DA:29,6
DA:30,6
DA:35,6
DA:36,6
DA:38,6
DA:39,3
DA:40,2
DA:44,6
DA:45,3
DA:48,6
DA:49,0
DA:50,0
DA:53,6
DA:54,0
DA:55,0
DA:56,0
DA:59,6
DA:62,5
DA:70,4
DA:72,4
DA:86,0
DA:91,0
DA:100,2
LF:28
LH:20
BRDA:39,0,0,2
BRDA:39,0,1,1
BRDA:39,1,0,3
BRDA:39,1,1,3
BRDA:54,2,0,0
BRDA:54,2,1,0
BRDA:62,3,0,0
BRDA:62,3,1,5
BRF:8
BRH:5
end_of_record
TN:
SF:D:\project\jsa-alexandrite-app\src\Watchlists\styles.js
FNF:0
FNH:0
LF:0
LH:0
BRF:0
BRH:0
end_of_record
TN:
SF:D:\project\jsa-alexandrite-app\src\common\Card.jsx
FN:6,(anonymous_0)
FNF:1
FNH:1
FNDA:12,(anonymous_0)
DA:6,3
DA:7,12
DA:14,3
DA:23,3
LF:4
LH:4
BRDA:8,0,0,12
BRDA:8,0,1,1
BRF:2
BRH:2
end_of_record
TN:
SF:D:\project\jsa-alexandrite-app\src\common\Column.jsx
FN:6,(anonymous_0)
FNF:1
FNH:1
FNDA:2,(anonymous_0)
DA:6,2
DA:7,2
DA:12,2
DA:17,2
LF:4
LH:4
BRF:0
BRH:0
end_of_record
TN:
SF:D:\project\jsa-alexandrite-app\src\common\ErrorMessage.jsx
FN:6,(anonymous_0)
FNF:1
FNH:1
FNDA:1,(anonymous_0)
DA:6,2
DA:7,1
DA:13,2
LF:3
LH:3
BRF:0
BRH:0
end_of_record
TN:
SF:D:\project\jsa-alexandrite-app\src\common\HeaderSearchButton.jsx
FN:7,SearchButton
FN:11,(anonymous_1)
FNF:2
FNH:2
FNDA:2,SearchButton
FNDA:1,(anonymous_1)
DA:8,2
DA:9,2
DA:11,1
LF:3
LH:3
BRF:0
BRH:0
end_of_record
TN:
SF:D:\project\jsa-alexandrite-app\src\common\Popup.jsx
FN:13,(anonymous_0)
FN:22,(anonymous_1)
FN:48,Popup
FNF:3
FNH:0
FNDA:0,(anonymous_0)
FNDA:0,(anonymous_1)
FNDA:0,Popup
DA:13,1
DA:14,0
DA:22,1
DA:25,0
DA:51,0
DA:76,1
DA:89,1
DA:94,1
DA:99,1
LF:9
LH:6
BRDA:30,0,0,0
BRDA:30,0,1,0
BRF:2
BRH:0
end_of_record
TN:
SF:D:\project\jsa-alexandrite-app\src\common\Row.jsx
FN:6,(anonymous_0)
FNF:1
FNH:1
FNDA:2,(anonymous_0)
DA:6,1
DA:7,2
DA:13,1
DA:18,1
LF:4
LH:4
BRF:0
BRH:0
end_of_record
TN:
SF:D:\project\jsa-alexandrite-app\src\common\chartHelper.js
FN:3,(anonymous_0)
FN:21,(anonymous_1)
FN:23,(anonymous_2)
FN:35,(anonymous_3)
FN:37,(anonymous_4)
FN:45,(anonymous_5)
FN:47,(anonymous_6)
FN:51,(anonymous_7)
FN:51,(anonymous_8)
FN:57,(anonymous_9)
FNF:10
FNH:2
FNDA:0,(anonymous_0)
FNDA:2,(anonymous_1)
FNDA:7,(anonymous_2)
FNDA:0,(anonymous_3)
FNDA:0,(anonymous_4)
FNDA:0,(anonymous_5)
FNDA:0,(anonymous_6)
FNDA:0,(anonymous_7)
FNDA:0,(anonymous_8)
FNDA:0,(anonymous_9)
DA:3,2
DA:4,0
DA:7,0
DA:9,0
DA:10,0
DA:13,0
DA:16,0
DA:18,0
DA:21,2
DA:22,2
DA:23,7
DA:32,1
DA:35,2
DA:37,0
DA:38,0
DA:39,0
DA:45,0
DA:47,0
DA:51,2
DA:58,0
LF:20
LH:7
BRDA:4,0,0,0
BRDA:4,0,1,0
BRDA:7,1,0,0
BRDA:7,1,1,0
BRDA:9,2,0,0
BRDA:9,2,1,0
BRDA:10,3,0,0
BRDA:10,3,1,0
BRDA:13,4,0,0
BRDA:13,4,1,0
BRDA:16,5,0,0
BRDA:16,5,1,0
BRDA:22,6,0,1
BRDA:22,6,1,1
BRDA:26,7,0,3
BRDA:26,7,1,4
BRDA:41,8,0,0
BRDA:41,8,1,0
BRDA:58,9,0,0
BRDA:58,9,1,0
BRDA:58,10,0,0
BRDA:58,10,1,0
BRF:22
BRH:4
end_of_record
TN:
SF:D:\project\jsa-alexandrite-app\src\common\constants.js
FNF:0
FNH:0
DA:1,2
DA:2,2
LF:2
LH:2
BRF:0
BRH:0
end_of_record
TN:
SF:D:\project\jsa-alexandrite-app\src\common\numbers.js
FN:1,(anonymous_0)
FN:6,(anonymous_1)
FN:11,(anonymous_2)
FN:18,(anonymous_3)
FNF:4
FNH:4
FNDA:1,(anonymous_0)
FNDA:8,(anonymous_1)
FNDA:6,(anonymous_2)
FNDA:1,(anonymous_3)
DA:1,5
DA:2,1
DA:3,1
DA:6,5
DA:7,8
DA:8,8
DA:11,5
DA:12,6
DA:13,5
DA:14,4
DA:15,1
DA:18,5
DA:19,1
LF:13
LH:13
BRDA:1,0,0,1
BRDA:6,1,0,8
BRDA:12,2,0,1
BRDA:12,2,1,5
BRDA:13,3,0,1
BRDA:13,3,1,4
BRDA:14,4,0,3
BRDA:14,4,1,1
BRF:8
BRH:8
end_of_record
TN:
SF:D:\project\jsa-alexandrite-app\src\common\styles.js
FNF:0
FNH:0
DA:3,11
LF:1
LH:1
BRF:0
BRH:0
end_of_record
TN:
SF:D:\project\jsa-alexandrite-app\src\navigation\MainTabNavigation.jsx
FN:48,(anonymous_0)
FN:55,(anonymous_1)
FN:61,(anonymous_2)
FN:67,(anonymous_3)
FNF:4
FNH:0
FNDA:0,(anonymous_0)
FNDA:0,(anonymous_1)
FNDA:0,(anonymous_2)
FNDA:0,(anonymous_3)
DA:17,1
DA:26,1
DA:35,1
DA:42,1
DA:48,1
DA:50,1
DA:55,0
DA:61,0
DA:67,0
DA:72,1
DA:79,1
LF:11
LH:8
BRDA:51,0,0,1
BRDA:51,0,1,0
BRF:2
BRH:1
end_of_record
TN:
SF:D:\project\jsa-alexandrite-app\src\redux\investment\actionCreator.js
FN:9,(anonymous_0)
FN:13,(anonymous_1)
FN:18,(anonymous_2)
FN:23,(anonymous_3)
FN:23,(anonymous_4)
FN:27,(anonymous_5)
FN:38,(anonymous_6)
FN:40,(anonymous_7)
FN:46,(anonymous_8)
FN:52,(anonymous_9)
FN:54,(anonymous_10)
FN:55,(anonymous_11)
FN:60,(anonymous_12)
FNF:13
FNH:0
FNDA:0,(anonymous_0)
FNDA:0,(anonymous_1)
FNDA:0,(anonymous_2)
FNDA:0,(anonymous_3)
FNDA:0,(anonymous_4)
FNDA:0,(anonymous_5)
FNDA:0,(anonymous_6)
FNDA:0,(anonymous_7)
FNDA:0,(anonymous_8)
FNDA:0,(anonymous_9)
FNDA:0,(anonymous_10)
FNDA:0,(anonymous_11)
FNDA:0,(anonymous_12)
DA:9,2
DA:13,2
DA:18,2
DA:23,2
DA:24,0
DA:25,0
DA:26,0
DA:28,0
DA:29,0
DA:31,0
DA:33,0
DA:36,0
DA:39,0
DA:40,0
DA:41,0
DA:42,0
DA:43,0
DA:44,0
DA:45,0
DA:47,0
DA:48,0
DA:50,0
DA:53,0
DA:54,0
DA:55,0
DA:56,0
DA:57,0
DA:60,0
LF:28
LH:4
BRDA:23,0,0,0
BRDA:28,1,0,0
BRDA:28,1,1,0
BRDA:29,2,0,0
BRDA:29,2,1,0
BRDA:47,3,0,0
BRDA:47,3,1,0
BRF:7
BRH:0
end_of_record
TN:
SF:D:\project\jsa-alexandrite-app\src\redux\investment\actionType.js
FNF:0
FNH:0
DA:1,4
DA:2,4
DA:3,4
LF:3
LH:3
BRF:0
BRH:0
end_of_record
TN:
SF:D:\project\jsa-alexandrite-app\src\redux\investment\reducer.js
FN:13,(anonymous_0)
FNF:1
FNH:1
FNDA:4,(anonymous_0)
DA:7,3
DA:14,4
DA:16,1
DA:22,1
DA:28,1
DA:35,1
LF:6
LH:6
BRDA:13,0,0,1
BRDA:14,1,0,1
BRDA:14,1,1,1
BRDA:14,1,2,1
BRDA:14,1,3,1
BRF:5
BRH:5
end_of_record
TN:
SF:D:\project\jsa-alexandrite-app\src\redux\search\actionCreator.js
FN:5,(anonymous_0)
FN:9,(anonymous_1)
FN:14,(anonymous_2)
FN:19,(anonymous_3)
FN:19,(anonymous_4)
FN:24,(anonymous_5)
FN:37,(anonymous_6)
FN:38,(anonymous_7)
FNF:8
FNH:3
FNDA:1,(anonymous_0)
FNDA:1,(anonymous_1)
FNDA:1,(anonymous_2)
FNDA:0,(anonymous_3)
FNDA:0,(anonymous_4)
FNDA:0,(anonymous_5)
FNDA:0,(anonymous_6)
FNDA:0,(anonymous_7)
DA:5,5
DA:9,5
DA:14,5
DA:19,5
DA:20,0
DA:21,0
DA:22,0
DA:23,0
DA:25,0
DA:26,0
DA:28,0
DA:30,0
DA:32,0
DA:35,0
DA:37,0
DA:38,0
LF:16
LH:4
BRDA:25,0,0,0
BRDA:25,0,1,0
BRDA:26,1,0,0
BRDA:26,1,1,0
BRDA:26,1,2,0
BRF:5
BRH:0
end_of_record
TN:
SF:D:\project\jsa-alexandrite-app\src\redux\search\actionType.js
FNF:0
FNH:0
DA:1,7
DA:2,7
DA:3,7
LF:3
LH:3
BRF:0
BRH:0
end_of_record
TN:
SF:D:\project\jsa-alexandrite-app\src\redux\search\reducer.js
FN:10,(anonymous_0)
FNF:1
FNH:1
FNDA:4,(anonymous_0)
DA:3,3
DA:11,4
DA:13,1
DA:20,1
DA:27,1
DA:33,1
LF:6
LH:6
BRDA:10,0,0,1
BRDA:11,1,0,1
BRDA:11,1,1,1
BRDA:11,1,2,1
BRDA:11,1,3,1
BRF:5
BRH:5
end_of_record
TN:
SF:D:\project\jsa-alexandrite-app\src\redux\stock\actionCreator.js
FN:15,(anonymous_0)
FN:19,(anonymous_1)
FN:24,(anonymous_2)
FN:29,(anonymous_3)
FN:29,(anonymous_4)
FN:34,(anonymous_5)
FN:45,(anonymous_6)
FN:46,(anonymous_7)
FN:49,(anonymous_8)
FN:53,(anonymous_9)
FN:59,(anonymous_10)
FN:68,(anonymous_11)
FN:68,(anonymous_12)
FN:75,(anonymous_13)
FN:86,(anonymous_14)
FN:89,(anonymous_15)
FN:92,(anonymous_16)
FNF:17
FNH:0
FNDA:0,(anonymous_0)
FNDA:0,(anonymous_1)
FNDA:0,(anonymous_2)
FNDA:0,(anonymous_3)
FNDA:0,(anonymous_4)
FNDA:0,(anonymous_5)
FNDA:0,(anonymous_6)
FNDA:0,(anonymous_7)
FNDA:0,(anonymous_8)
FNDA:0,(anonymous_9)
FNDA:0,(anonymous_10)
FNDA:0,(anonymous_11)
FNDA:0,(anonymous_12)
FNDA:0,(anonymous_13)
FNDA:0,(anonymous_14)
FNDA:0,(anonymous_15)
FNDA:0,(anonymous_16)
DA:15,1
DA:19,1
DA:24,1
DA:29,1
DA:30,0
DA:31,0
DA:32,0
DA:33,0
DA:35,0
DA:36,0
DA:38,0
DA:40,0
DA:43,0
DA:45,0
DA:46,0
DA:49,1
DA:53,1
DA:59,1
DA:60,0
DA:62,0
DA:68,1
DA:69,0
DA:70,0
DA:71,0
DA:72,0
DA:73,0
DA:74,0
DA:76,0
DA:77,0
DA:79,0
DA:81,0
DA:84,0
DA:87,0
DA:89,0
DA:92,1
LF:35
LH:9
BRDA:35,0,0,0
BRDA:35,0,1,0
BRDA:36,1,0,0
BRDA:36,1,1,0
BRDA:76,2,0,0
BRDA:76,2,1,0
BRDA:77,3,0,0
BRDA:77,3,1,0
BRF:8
BRH:0
end_of_record
TN:
SF:D:\project\jsa-alexandrite-app\src\redux\stock\actionType.js
FNF:0
FNH:0
DA:1,3
DA:2,3
DA:3,3
DA:4,3
DA:5,3
DA:6,3
DA:7,3
LF:7
LH:7
BRF:0
BRH:0
end_of_record
TN:
SF:D:\project\jsa-alexandrite-app\src\redux\stock\reducer.js
FN:20,(anonymous_0)
FNF:1
FNH:1
FNDA:8,(anonymous_0)
DA:11,3
DA:21,8
DA:23,1
DA:28,1
DA:34,1
DA:40,1
DA:46,1
DA:54,1
DA:60,1
DA:62,1
LF:10
LH:10
BRDA:20,0,0,1
BRDA:21,1,0,1
BRDA:21,1,1,1
BRDA:21,1,2,1
BRDA:21,1,3,1
BRDA:21,1,4,1
BRDA:21,1,5,1
BRDA:21,1,6,1
BRDA:21,1,7,1
BRF:9
BRH:9
end_of_record
TN:
SF:D:\project\jsa-alexandrite-app\src\redux\watchList\actionCreator.js
FN:15,(anonymous_0)
FN:19,(anonymous_1)
FN:24,(anonymous_2)
FN:29,(anonymous_3)
FN:37,(anonymous_4)
FN:41,(anonymous_5)
FN:46,(anonymous_6)
FN:51,(anonymous_7)
FN:51,(anonymous_8)
FN:57,(anonymous_9)
FN:57,(anonymous_10)
FN:68,(anonymous_11)
FN:79,(anonymous_12)
FN:82,(anonymous_13)
FN:85,(anonymous_14)
FN:85,(anonymous_15)
FNF:16
FNH:0
FNDA:0,(anonymous_0)
FNDA:0,(anonymous_1)
FNDA:0,(anonymous_2)
FNDA:0,(anonymous_3)
FNDA:0,(anonymous_4)
FNDA:0,(anonymous_5)
FNDA:0,(anonymous_6)
FNDA:0,(anonymous_7)
FNDA:0,(anonymous_8)
FNDA:0,(anonymous_9)
FNDA:0,(anonymous_10)
FNDA:0,(anonymous_11)
FNDA:0,(anonymous_12)
FNDA:0,(anonymous_13)
FNDA:0,(anonymous_14)
FNDA:0,(anonymous_15)
DA:13,3
DA:15,3
DA:19,3
DA:24,3
DA:29,3
DA:37,3
DA:41,3
DA:46,3
DA:51,3
DA:52,0
DA:57,0
DA:60,0
DA:61,0
DA:62,0
DA:63,0
DA:64,0
DA:65,0
DA:66,0
DA:67,0
DA:69,0
DA:70,0
DA:72,0
DA:74,0
DA:77,0
DA:80,0
DA:82,0
DA:85,3
DA:86,0
DA:98,0
LF:29
LH:10
BRDA:60,0,0,0
BRDA:60,0,1,0
BRDA:69,1,0,0
BRDA:69,1,1,0
BRDA:70,2,0,0
BRDA:70,2,1,0
BRF:6
BRH:0
end_of_record
TN:
SF:D:\project\jsa-alexandrite-app\src\redux\watchList\actionType.js
FNF:0
FNH:0
DA:1,5
DA:2,5
DA:3,5
DA:4,5
DA:5,5
DA:6,5
DA:7,5
DA:8,5
LF:8
LH:8
BRF:0
BRH:0
end_of_record
TN:
SF:D:\project\jsa-alexandrite-app\src\redux\watchList\reducer.js
FN:21,(anonymous_0)
FN:40,(anonymous_1)
FN:45,(anonymous_2)
FN:49,(anonymous_3)
FN:58,(anonymous_4)
FN:76,(anonymous_5)
FN:78,(anonymous_6)
FNF:7
FNH:7
FNDA:10,(anonymous_0)
FNDA:1,(anonymous_1)
FNDA:3,(anonymous_2)
FNDA:2,(anonymous_3)
FNDA:2,(anonymous_4)
FNDA:1,(anonymous_5)
FNDA:1,(anonymous_6)
DA:14,3
DA:22,10
DA:24,1
DA:26,1
DA:38,1
DA:40,1
DA:43,2
DA:46,3
DA:49,2
DA:56,1
DA:59,2
DA:67,1
DA:72,1
DA:76,1
DA:78,1
DA:90,1
DA:96,1
LF:17
LH:17
BRDA:21,0,0,1
BRDA:22,1,0,1
BRDA:22,1,1,1
BRDA:22,1,2,1
BRDA:22,1,3,2
BRDA:22,1,4,1
BRDA:22,1,5,1
BRDA:22,1,6,1
BRDA:22,1,7,1
BRDA:22,1,8,1
BRDA:46,2,0,2
BRDA:46,2,1,1
BRDA:49,3,0,1
BRDA:49,3,1,1
BRDA:59,4,0,1
BRDA:59,4,1,1
BRDA:81,5,0,1
BRDA:81,5,1,1
BRF:18
BRH:18
end_of_record
